<?xml version="1.0" encoding="utf-8"?>
<test-run id="2" name="Inheritance.MapObjects.exe" fullname="C:/Users/Иван/Desktop/C#/Inheritance.MapObjects/bin/Debug/Inheritance.MapObjects.exe" testcasecount="6" result="Passed" start-time="2020-07-24 10:58:04Z" end-time="2020-07-24 10:58:04Z" duration="0.060197" total="6" passed="6" failed="0" inconclusive="0" skipped="0" asserts="15" random-seed="431630521">
  <command-line><![CDATA[C:\Users\Иван\Desktop\C#\Inheritance.MapObjects\bin\Debug\Inheritance.MapObjects.exe]]></command-line>
  <filter />
  <test-suite type="Assembly" id="1007" name="Inheritance.MapObjects.exe" fullname="C:/Users/Иван/Desktop/C#/Inheritance.MapObjects/bin/Debug/Inheritance.MapObjects.exe" runstate="Runnable" testcasecount="6" result="Passed" start-time="2020-07-24 10:58:04Z" end-time="2020-07-24 10:58:04Z" duration="0.060197" total="6" passed="6" failed="0" warnings="0" inconclusive="0" skipped="0" asserts="15">
    <environment framework-version="3.6.0.0" clr-version="4.0.30319.42000" os-version="Microsoft Windows NT 6.2.9200.0" platform="Win32NT" cwd="C:\Users\Иван\Desktop\C#\Inheritance.MapObjects\bin\Debug" machine-name="HP-PC" user="Иван" user-domain="HP-PC" culture="ru-RU" uiculture="ru-RU" os-architecture="x86" />
    <settings>
      <setting name="WorkDirectory" value="C:\Users\Иван\Desktop\C#\Inheritance.MapObjects\bin\Debug" />
      <setting name="NumberOfTestWorkers" value="8" />
    </settings>
    <properties>
      <property name="_PID" value="10880" />
      <property name="_APPDOMAIN" value="Inheritance.MapObjects.exe" />
    </properties>
    <test-suite type="TestSuite" id="1008" name="Inheritance" fullname="Inheritance" runstate="Runnable" testcasecount="6" result="Passed" start-time="2020-07-24 10:58:04Z" end-time="2020-07-24 10:58:04Z" duration="0.049128" total="6" passed="6" failed="0" warnings="0" inconclusive="0" skipped="0" asserts="15">
      <test-suite type="TestSuite" id="1009" name="MapObjects" fullname="Inheritance.MapObjects" runstate="Runnable" testcasecount="6" result="Passed" start-time="2020-07-24 10:58:04Z" end-time="2020-07-24 10:58:04Z" duration="0.045643" total="6" passed="6" failed="0" warnings="0" inconclusive="0" skipped="0" asserts="15">
        <test-suite type="TestFixture" id="1000" name="Player_should" fullname="Inheritance.MapObjects.Player_should" classname="Inheritance.MapObjects.Player_should" runstate="Runnable" testcasecount="6" result="Passed" start-time="2020-07-24 10:58:04Z" end-time="2020-07-24 10:58:04Z" duration="0.041810" total="6" passed="6" failed="0" warnings="0" inconclusive="0" skipped="0" asserts="15">
          <test-case id="1002" name="BeatWeakCreepsAndCollectTreasure" fullname="Inheritance.MapObjects.Player_should.BeatWeakCreepsAndCollectTreasure" methodname="BeatWeakCreepsAndCollectTreasure" classname="Inheritance.MapObjects.Player_should" runstate="Runnable" seed="729255285" result="Passed" start-time="2020-07-24 10:58:04Z" end-time="2020-07-24 10:58:04Z" duration="0.012098" asserts="2" />
          <test-case id="1005" name="BeatWeakGuandAndOwnDwelling" fullname="Inheritance.MapObjects.Player_should.BeatWeakGuandAndOwnDwelling" methodname="BeatWeakGuandAndOwnDwelling" classname="Inheritance.MapObjects.Player_should" runstate="Runnable" seed="1796476941" result="Passed" start-time="2020-07-24 10:58:04Z" end-time="2020-07-24 10:58:04Z" duration="0.000667" asserts="3" />
          <test-case id="1003" name="LoseToPowerfulCreeps" fullname="Inheritance.MapObjects.Player_should.LoseToPowerfulCreeps" methodname="LoseToPowerfulCreeps" classname="Inheritance.MapObjects.Player_should" runstate="Runnable" seed="1401357171" result="Passed" start-time="2020-07-24 10:58:04Z" end-time="2020-07-24 10:58:04Z" duration="0.000308" asserts="2" />
          <test-case id="1006" name="LoseToPowerfuleGuand" fullname="Inheritance.MapObjects.Player_should.LoseToPowerfuleGuand" methodname="LoseToPowerfuleGuand" classname="Inheritance.MapObjects.Player_should" runstate="Runnable" seed="1390696007" result="Passed" start-time="2020-07-24 10:58:04Z" end-time="2020-07-24 10:58:04Z" duration="0.000233" asserts="3" />
          <test-case id="1004" name="OwnDwelling" fullname="Inheritance.MapObjects.Player_should.OwnDwelling" methodname="OwnDwelling" classname="Inheritance.MapObjects.Player_should" runstate="Runnable" seed="1918551721" result="Passed" start-time="2020-07-24 10:58:04Z" end-time="2020-07-24 10:58:04Z" duration="0.000425" asserts="3" />
          <test-case id="1001" name="TakeResources" fullname="Inheritance.MapObjects.Player_should.TakeResources" methodname="TakeResources" classname="Inheritance.MapObjects.Player_should" runstate="Runnable" seed="585071777" result="Passed" start-time="2020-07-24 10:58:04Z" end-time="2020-07-24 10:58:04Z" duration="0.000376" asserts="2" />
        </test-suite>
      </test-suite>
    </test-suite>
  </test-suite>
</test-run>