<?xml version="1.0" encoding="utf-8"?>
<test-run id="2" name="Reflection.Randomness.exe" fullname="C:/Users/Иван/Desktop/C#/Reflection.Randomness/bin/Debug/Reflection.Randomness.exe" testcasecount="9" result="Passed" start-time="2020-07-31 10:11:22Z" end-time="2020-07-31 10:11:22Z" duration="0.133770" total="9" passed="9" failed="0" inconclusive="0" skipped="0" asserts="17" random-seed="1583619688">
  <command-line><![CDATA[C:\Users\Иван\Desktop\C#\Reflection.Randomness\bin\Debug\Reflection.Randomness.exe]]></command-line>
  <filter />
  <test-suite type="Assembly" id="1010" name="Reflection.Randomness.exe" fullname="C:/Users/Иван/Desktop/C#/Reflection.Randomness/bin/Debug/Reflection.Randomness.exe" runstate="Runnable" testcasecount="9" result="Passed" start-time="2020-07-31 10:11:22Z" end-time="2020-07-31 10:11:22Z" duration="0.133770" total="9" passed="9" failed="0" warnings="0" inconclusive="0" skipped="0" asserts="17">
    <environment framework-version="3.6.0.0" clr-version="4.0.30319.42000" os-version="Microsoft Windows NT 6.2.9200.0" platform="Win32NT" cwd="C:\Users\Иван\Desktop\C#\Reflection.Randomness\bin\Debug" machine-name="HP-PC" user="Иван" user-domain="HP-PC" culture="ru-RU" uiculture="ru-RU" os-architecture="x86" />
    <settings>
      <setting name="WorkDirectory" value="C:\Users\Иван\Desktop\C#\Reflection.Randomness\bin\Debug" />
      <setting name="NumberOfTestWorkers" value="8" />
    </settings>
    <properties>
      <property name="_PID" value="9696" />
      <property name="_APPDOMAIN" value="Reflection.Randomness.exe" />
    </properties>
    <test-suite type="TestSuite" id="1011" name="Reflection" fullname="Reflection" runstate="Runnable" testcasecount="9" result="Passed" start-time="2020-07-31 10:11:22Z" end-time="2020-07-31 10:11:22Z" duration="0.123905" total="9" passed="9" failed="0" warnings="0" inconclusive="0" skipped="0" asserts="17">
      <test-suite type="TestSuite" id="1012" name="Randomness" fullname="Reflection.Randomness" runstate="Runnable" testcasecount="9" result="Passed" start-time="2020-07-31 10:11:22Z" end-time="2020-07-31 10:11:22Z" duration="0.120689" total="9" passed="9" failed="0" warnings="0" inconclusive="0" skipped="0" asserts="17">
        <test-suite type="TestFixture" id="1000" name="Generator_should" fullname="Reflection.Randomness.Generator_should" classname="Reflection.Randomness.Generator_should" runstate="Runnable" testcasecount="9" result="Passed" start-time="2020-07-31 10:11:22Z" end-time="2020-07-31 10:11:22Z" duration="0.115753" total="9" passed="9" failed="0" warnings="0" inconclusive="0" skipped="0" asserts="17">
          <test-case id="1008" name="FailWithInformativeMessage_OnIncorrectAttributeUsage" fullname="Reflection.Randomness.Generator_should.FailWithInformativeMessage_OnIncorrectAttributeUsage" methodname="FailWithInformativeMessage_OnIncorrectAttributeUsage" classname="Reflection.Randomness.Generator_should" runstate="Runnable" seed="1477207290" result="Passed" start-time="2020-07-31 10:11:22Z" end-time="2020-07-31 10:11:22Z" duration="0.050437" asserts="2" />
          <test-case id="1009" name="FailWithInformativeMessage_OnIncorrectForMethodCall" fullname="Reflection.Randomness.Generator_should.FailWithInformativeMessage_OnIncorrectForMethodCall" methodname="FailWithInformativeMessage_OnIncorrectForMethodCall" classname="Reflection.Randomness.Generator_should" runstate="Runnable" seed="1347226977" result="Passed" start-time="2020-07-31 10:11:22Z" end-time="2020-07-31 10:11:22Z" duration="0.006616" asserts="3" />
          <test-case id="1001" name="GenerateT1" fullname="Reflection.Randomness.Generator_should.GenerateT1" methodname="GenerateT1" classname="Reflection.Randomness.Generator_should" runstate="Runnable" seed="1603694855" result="Passed" start-time="2020-07-31 10:11:22Z" end-time="2020-07-31 10:11:22Z" duration="0.008513" asserts="1" />
          <test-case id="1002" name="GenerateT1TwiceGivesUniqueObjects" fullname="Reflection.Randomness.Generator_should.GenerateT1TwiceGivesUniqueObjects" methodname="GenerateT1TwiceGivesUniqueObjects" classname="Reflection.Randomness.Generator_should" runstate="Runnable" seed="302678105" result="Passed" start-time="2020-07-31 10:11:22Z" end-time="2020-07-31 10:11:22Z" duration="0.003663" asserts="1" />
          <test-case id="1003" name="GenerateT2" fullname="Reflection.Randomness.Generator_should.GenerateT2" methodname="GenerateT2" classname="Reflection.Randomness.Generator_should" runstate="Runnable" seed="682859850" result="Passed" start-time="2020-07-31 10:11:22Z" end-time="2020-07-31 10:11:22Z" duration="0.003526" asserts="4" />
          <test-case id="1004" name="NotAllowForAfterFor" fullname="Reflection.Randomness.Generator_should.NotAllowForAfterFor" methodname="NotAllowForAfterFor" classname="Reflection.Randomness.Generator_should" runstate="Runnable" seed="220195920" result="Passed" start-time="2020-07-31 10:11:22Z" end-time="2020-07-31 10:11:22Z" duration="0.002685" asserts="1" />
          <test-case id="1005" name="ReplaceGeneratorFor1Field" fullname="Reflection.Randomness.Generator_should.ReplaceGeneratorFor1Field" methodname="ReplaceGeneratorFor1Field" classname="Reflection.Randomness.Generator_should" runstate="Runnable" seed="1590655579" result="Passed" start-time="2020-07-31 10:11:22Z" end-time="2020-07-31 10:11:22Z" duration="0.001093" asserts="2" />
          <test-case id="1006" name="ReplaceGeneratorFor2Fields" fullname="Reflection.Randomness.Generator_should.ReplaceGeneratorFor2Fields" methodname="ReplaceGeneratorFor2Fields" classname="Reflection.Randomness.Generator_should" runstate="Runnable" seed="694587295" result="Passed" start-time="2020-07-31 10:11:22Z" end-time="2020-07-31 10:11:22Z" duration="0.001120" asserts="2" />
          <test-case id="1007" name="SetGeneratorForFieldWithoutAttributes" fullname="Reflection.Randomness.Generator_should.SetGeneratorForFieldWithoutAttributes" methodname="SetGeneratorForFieldWithoutAttributes" classname="Reflection.Randomness.Generator_should" runstate="Runnable" seed="1689851529" result="Passed" start-time="2020-07-31 10:11:22Z" end-time="2020-07-31 10:11:22Z" duration="0.001724" asserts="1" />
        </test-suite>
      </test-suite>
    </test-suite>
  </test-suite>
</test-run>