<?xml version="1.0" encoding="utf-8"?>
<test-run id="2" name="Delegates.TreeTraversal.exe" fullname="C:/Users/Иван/Desktop/C#/Delegates.TreeTraversal/bin/Debug/Delegates.TreeTraversal.exe" testcasecount="3" result="Passed" start-time="2020-07-28 18:15:46Z" end-time="2020-07-28 18:15:46Z" duration="0.053468" total="3" passed="3" failed="0" inconclusive="0" skipped="0" asserts="3" random-seed="526505775">
  <command-line><![CDATA[C:\Users\Иван\Desktop\C#\Delegates.TreeTraversal\bin\Debug\Delegates.TreeTraversal.exe]]></command-line>
  <filter />
  <test-suite type="Assembly" id="1004" name="Delegates.TreeTraversal.exe" fullname="C:/Users/Иван/Desktop/C#/Delegates.TreeTraversal/bin/Debug/Delegates.TreeTraversal.exe" runstate="Runnable" testcasecount="3" result="Passed" start-time="2020-07-28 18:15:46Z" end-time="2020-07-28 18:15:46Z" duration="0.053468" total="3" passed="3" failed="0" warnings="0" inconclusive="0" skipped="0" asserts="3">
    <environment framework-version="3.6.0.0" clr-version="4.0.30319.42000" os-version="Microsoft Windows NT 6.2.9200.0" platform="Win32NT" cwd="C:\Users\Иван\Desktop\C#\Delegates.TreeTraversal\bin\Debug" machine-name="HP-PC" user="Иван" user-domain="HP-PC" culture="ru-RU" uiculture="ru-RU" os-architecture="x86" />
    <settings>
      <setting name="WorkDirectory" value="C:\Users\Иван\Desktop\C#\Delegates.TreeTraversal\bin\Debug" />
      <setting name="NumberOfTestWorkers" value="8" />
    </settings>
    <properties>
      <property name="_PID" value="7272" />
      <property name="_APPDOMAIN" value="Delegates.TreeTraversal.exe" />
    </properties>
    <test-suite type="TestSuite" id="1005" name="Delegates" fullname="Delegates" runstate="Runnable" testcasecount="3" result="Passed" start-time="2020-07-28 18:15:46Z" end-time="2020-07-28 18:15:46Z" duration="0.042530" total="3" passed="3" failed="0" warnings="0" inconclusive="0" skipped="0" asserts="3">
      <test-suite type="TestSuite" id="1006" name="TreeTraversal" fullname="Delegates.TreeTraversal" runstate="Runnable" testcasecount="3" result="Passed" start-time="2020-07-28 18:15:46Z" end-time="2020-07-28 18:15:46Z" duration="0.039207" total="3" passed="3" failed="0" warnings="0" inconclusive="0" skipped="0" asserts="3">
        <test-suite type="TestFixture" id="1000" name="Traversal_should" fullname="Delegates.TreeTraversal.Traversal_should" classname="Delegates.TreeTraversal.Traversal_should" runstate="Runnable" testcasecount="3" result="Passed" start-time="2020-07-28 18:15:46Z" end-time="2020-07-28 18:15:46Z" duration="0.035217" total="3" passed="3" failed="0" warnings="0" inconclusive="0" skipped="0" asserts="3">
          <test-case id="1001" name="GetBinaryTreeValues" fullname="Delegates.TreeTraversal.Traversal_should.GetBinaryTreeValues" methodname="GetBinaryTreeValues" classname="Delegates.TreeTraversal.Traversal_should" runstate="Runnable" seed="129937977" result="Passed" start-time="2020-07-28 18:15:46Z" end-time="2020-07-28 18:15:46Z" duration="0.015206" asserts="1" />
          <test-case id="1002" name="GetEndJobs" fullname="Delegates.TreeTraversal.Traversal_should.GetEndJobs" methodname="GetEndJobs" classname="Delegates.TreeTraversal.Traversal_should" runstate="Runnable" seed="1444863246" result="Passed" start-time="2020-07-28 18:15:46Z" end-time="2020-07-28 18:15:46Z" duration="0.003882" asserts="1" />
          <test-case id="1003" name="GetProducts" fullname="Delegates.TreeTraversal.Traversal_should.GetProducts" methodname="GetProducts" classname="Delegates.TreeTraversal.Traversal_should" runstate="Runnable" seed="564753688" result="Passed" start-time="2020-07-28 18:15:46Z" end-time="2020-07-28 18:15:46Z" duration="0.001247" asserts="1" />
        </test-suite>
      </test-suite>
    </test-suite>
  </test-suite>
</test-run>