<?xml version="1.0" encoding="utf-8"?>
<test-run id="2" name="Reflection.Differentiation.exe" fullname="C:/Users/Иван/Desktop/C#/Reflection.Differentiation/bin/Debug/Reflection.Differentiation.exe" testcasecount="10" result="Passed" start-time="2020-07-31 13:10:06Z" end-time="2020-07-31 13:10:06Z" duration="0.143598" total="10" passed="10" failed="0" inconclusive="0" skipped="0" asserts="510" random-seed="1006662906">
  <command-line><![CDATA[C:\Users\Иван\Desktop\C#\Reflection.Differentiation\bin\Debug\Reflection.Differentiation.exe]]></command-line>
  <filter />
  <test-suite type="Assembly" id="1011" name="Reflection.Differentiation.exe" fullname="C:/Users/Иван/Desktop/C#/Reflection.Differentiation/bin/Debug/Reflection.Differentiation.exe" runstate="Runnable" testcasecount="10" result="Passed" start-time="2020-07-31 13:10:06Z" end-time="2020-07-31 13:10:06Z" duration="0.143598" total="10" passed="10" failed="0" warnings="0" inconclusive="0" skipped="0" asserts="510">
    <environment framework-version="3.6.0.0" clr-version="4.0.30319.42000" os-version="Microsoft Windows NT 6.2.9200.0" platform="Win32NT" cwd="C:\Users\Иван\Desktop\C#\Reflection.Differentiation\bin\Debug" machine-name="HP-PC" user="Иван" user-domain="HP-PC" culture="ru-RU" uiculture="ru-RU" os-architecture="x86" />
    <settings>
      <setting name="WorkDirectory" value="C:\Users\Иван\Desktop\C#\Reflection.Differentiation\bin\Debug" />
      <setting name="NumberOfTestWorkers" value="8" />
    </settings>
    <properties>
      <property name="_PID" value="9576" />
      <property name="_APPDOMAIN" value="Reflection.Differentiation.exe" />
    </properties>
    <test-suite type="TestSuite" id="1012" name="Reflection" fullname="Reflection" runstate="Runnable" testcasecount="10" result="Passed" start-time="2020-07-31 13:10:06Z" end-time="2020-07-31 13:10:06Z" duration="0.128052" total="10" passed="10" failed="0" warnings="0" inconclusive="0" skipped="0" asserts="510">
      <test-suite type="TestSuite" id="1013" name="Differentiation" fullname="Reflection.Differentiation" runstate="Runnable" testcasecount="10" result="Passed" start-time="2020-07-31 13:10:06Z" end-time="2020-07-31 13:10:06Z" duration="0.119634" total="10" passed="10" failed="0" warnings="0" inconclusive="0" skipped="0" asserts="510">
        <test-suite type="TestFixture" id="1000" name="Derivative_shouldBeCorrectFor" fullname="Reflection.Differentiation.Derivative_shouldBeCorrectFor" classname="Reflection.Differentiation.Derivative_shouldBeCorrectFor" runstate="Runnable" testcasecount="10" result="Passed" start-time="2020-07-31 13:10:06Z" end-time="2020-07-31 13:10:06Z" duration="0.109673" total="10" passed="10" failed="0" warnings="0" inconclusive="0" skipped="0" asserts="510">
          <test-case id="1001" name="Constant" fullname="Reflection.Differentiation.Derivative_shouldBeCorrectFor.Constant" methodname="Constant" classname="Reflection.Differentiation.Derivative_shouldBeCorrectFor" runstate="Runnable" seed="697187357" result="Passed" start-time="2020-07-31 13:10:06Z" end-time="2020-07-31 13:10:06Z" duration="0.024211" asserts="51" />
          <test-case id="1009" name="Cos1" fullname="Reflection.Differentiation.Derivative_shouldBeCorrectFor.Cos1" methodname="Cos1" classname="Reflection.Differentiation.Derivative_shouldBeCorrectFor" runstate="Runnable" seed="357327272" result="Passed" start-time="2020-07-31 13:10:06Z" end-time="2020-07-31 13:10:06Z" duration="0.001781" asserts="51" />
          <test-case id="1010" name="Cos2" fullname="Reflection.Differentiation.Derivative_shouldBeCorrectFor.Cos2" methodname="Cos2" classname="Reflection.Differentiation.Derivative_shouldBeCorrectFor" runstate="Runnable" seed="598150999" result="Passed" start-time="2020-07-31 13:10:06Z" end-time="2020-07-31 13:10:06Z" duration="0.001941" asserts="51" />
          <test-case id="1002" name="Parameter" fullname="Reflection.Differentiation.Derivative_shouldBeCorrectFor.Parameter" methodname="Parameter" classname="Reflection.Differentiation.Derivative_shouldBeCorrectFor" runstate="Runnable" seed="2110481386" result="Passed" start-time="2020-07-31 13:10:06Z" end-time="2020-07-31 13:10:06Z" duration="0.000844" asserts="51" />
          <test-case id="1003" name="Product1" fullname="Reflection.Differentiation.Derivative_shouldBeCorrectFor.Product1" methodname="Product1" classname="Reflection.Differentiation.Derivative_shouldBeCorrectFor" runstate="Runnable" seed="1763108294" result="Passed" start-time="2020-07-31 13:10:06Z" end-time="2020-07-31 13:10:06Z" duration="0.000753" asserts="51" />
          <test-case id="1004" name="Product2" fullname="Reflection.Differentiation.Derivative_shouldBeCorrectFor.Product2" methodname="Product2" classname="Reflection.Differentiation.Derivative_shouldBeCorrectFor" runstate="Runnable" seed="2091242943" result="Passed" start-time="2020-07-31 13:10:06Z" end-time="2020-07-31 13:10:06Z" duration="0.000879" asserts="51" />
          <test-case id="1007" name="Sin1" fullname="Reflection.Differentiation.Derivative_shouldBeCorrectFor.Sin1" methodname="Sin1" classname="Reflection.Differentiation.Derivative_shouldBeCorrectFor" runstate="Runnable" seed="1008761165" result="Passed" start-time="2020-07-31 13:10:06Z" end-time="2020-07-31 13:10:06Z" duration="0.000884" asserts="51" />
          <test-case id="1008" name="Sin2" fullname="Reflection.Differentiation.Derivative_shouldBeCorrectFor.Sin2" methodname="Sin2" classname="Reflection.Differentiation.Derivative_shouldBeCorrectFor" runstate="Runnable" seed="327871617" result="Passed" start-time="2020-07-31 13:10:06Z" end-time="2020-07-31 13:10:06Z" duration="0.001193" asserts="51" />
          <test-case id="1005" name="Sum1" fullname="Reflection.Differentiation.Derivative_shouldBeCorrectFor.Sum1" methodname="Sum1" classname="Reflection.Differentiation.Derivative_shouldBeCorrectFor" runstate="Runnable" seed="1260891580" result="Passed" start-time="2020-07-31 13:10:06Z" end-time="2020-07-31 13:10:06Z" duration="0.000703" asserts="51" />
          <test-case id="1006" name="Sum2" fullname="Reflection.Differentiation.Derivative_shouldBeCorrectFor.Sum2" methodname="Sum2" classname="Reflection.Differentiation.Derivative_shouldBeCorrectFor" runstate="Runnable" seed="373356400" result="Passed" start-time="2020-07-31 13:10:06Z" end-time="2020-07-31 13:10:06Z" duration="0.000931" asserts="51" />
        </test-suite>
      </test-suite>
    </test-suite>
  </test-suite>
</test-run>