<?xml version="1.0" encoding="utf-8"?>
<test-run id="2" name="Delegates.Observers.exe" fullname="C:/Users/Иван/Desktop/C#/Delegates.Observers/bin/Debug/Delegates.Observers.exe" testcasecount="2" result="Passed" start-time="2020-07-28 14:39:46Z" end-time="2020-07-28 14:39:47Z" duration="0.067503" total="2" passed="2" failed="0" inconclusive="0" skipped="0" asserts="2" random-seed="13994081">
  <command-line><![CDATA[C:\Users\Иван\Desktop\C#\Delegates.Observers\bin\Debug\Delegates.Observers.exe]]></command-line>
  <filter />
  <test-suite type="Assembly" id="1003" name="Delegates.Observers.exe" fullname="C:/Users/Иван/Desktop/C#/Delegates.Observers/bin/Debug/Delegates.Observers.exe" runstate="Runnable" testcasecount="2" result="Passed" start-time="2020-07-28 14:39:46Z" end-time="2020-07-28 14:39:47Z" duration="0.067503" total="2" passed="2" failed="0" warnings="0" inconclusive="0" skipped="0" asserts="2">
    <environment framework-version="3.6.0.0" clr-version="4.0.30319.42000" os-version="Microsoft Windows NT 6.2.9200.0" platform="Win32NT" cwd="C:\Users\Иван\Desktop\C#\Delegates.Observers\bin\Debug" machine-name="HP-PC" user="Иван" user-domain="HP-PC" culture="ru-RU" uiculture="ru-RU" os-architecture="x86" />
    <settings>
      <setting name="WorkDirectory" value="C:\Users\Иван\Desktop\C#\Delegates.Observers\bin\Debug" />
      <setting name="NumberOfTestWorkers" value="8" />
    </settings>
    <properties>
      <property name="_PID" value="14372" />
      <property name="_APPDOMAIN" value="Delegates.Observers.exe" />
    </properties>
    <test-suite type="TestSuite" id="1004" name="Delegates" fullname="Delegates" runstate="Runnable" testcasecount="2" result="Passed" start-time="2020-07-28 14:39:46Z" end-time="2020-07-28 14:39:47Z" duration="0.051831" total="2" passed="2" failed="0" warnings="0" inconclusive="0" skipped="0" asserts="2">
      <test-suite type="TestSuite" id="1005" name="Observers" fullname="Delegates.Observers" runstate="Runnable" testcasecount="2" result="Passed" start-time="2020-07-28 14:39:46Z" end-time="2020-07-28 14:39:47Z" duration="0.044795" total="2" passed="2" failed="0" warnings="0" inconclusive="0" skipped="0" asserts="2">
        <test-suite type="TestFixture" id="1000" name="ObservableStack_Tests" fullname="Delegates.Observers.ObservableStack_Tests" classname="Delegates.Observers.ObservableStack_Tests" runstate="Runnable" testcasecount="2" result="Passed" start-time="2020-07-28 14:39:46Z" end-time="2020-07-28 14:39:47Z" duration="0.037144" total="2" passed="2" failed="0" warnings="0" inconclusive="0" skipped="0" asserts="2">
          <test-case id="1001" name="Log_ShouldBeEmpty_AfterCreation" fullname="Delegates.Observers.ObservableStack_Tests.Log_ShouldBeEmpty_AfterCreation" methodname="Log_ShouldBeEmpty_AfterCreation" classname="Delegates.Observers.ObservableStack_Tests" runstate="Runnable" seed="1320610350" result="Passed" start-time="2020-07-28 14:39:46Z" end-time="2020-07-28 14:39:46Z" duration="0.015188" asserts="1" />
          <test-case id="1002" name="Log_ShouldContainAllOperations" fullname="Delegates.Observers.ObservableStack_Tests.Log_ShouldContainAllOperations" methodname="Log_ShouldContainAllOperations" classname="Delegates.Observers.ObservableStack_Tests" runstate="Runnable" seed="956731513" result="Passed" start-time="2020-07-28 14:39:47Z" end-time="2020-07-28 14:39:47Z" duration="0.001823" asserts="1" />
        </test-suite>
      </test-suite>
    </test-suite>
  </test-suite>
</test-run>