<?xml version="1.0" encoding="utf-8"?>
<test-run id="2" name="Generics.Table.exe" fullname="C:/Users/Иван/Desktop/C#/Generics.Tables/bin/Debug/Generics.Table.exe" testcasecount="13" result="Passed" start-time="2020-07-25 10:15:29Z" end-time="2020-07-25 10:15:30Z" duration="0.199629" total="13" passed="13" failed="0" inconclusive="0" skipped="0" asserts="23" random-seed="2006130579">
  <command-line><![CDATA[C:\Users\Иван\Desktop\C#\Generics.Tables\bin\Debug\Generics.Table.exe]]></command-line>
  <filter />
  <test-suite type="Assembly" id="1016" name="Generics.Table.exe" fullname="C:/Users/Иван/Desktop/C#/Generics.Tables/bin/Debug/Generics.Table.exe" runstate="Runnable" testcasecount="13" result="Passed" start-time="2020-07-25 10:15:29Z" end-time="2020-07-25 10:15:30Z" duration="0.199629" total="13" passed="13" failed="0" warnings="0" inconclusive="0" skipped="0" asserts="23">
    <environment framework-version="3.6.0.0" clr-version="4.0.30319.42000" os-version="Microsoft Windows NT 6.2.9200.0" platform="Win32NT" cwd="C:\Users\Иван\Desktop\C#\Generics.Tables\bin\Debug" machine-name="HP-PC" user="Иван" user-domain="HP-PC" culture="ru-RU" uiculture="ru-RU" os-architecture="x86" />
    <settings>
      <setting name="WorkDirectory" value="C:\Users\Иван\Desktop\C#\Generics.Tables\bin\Debug" />
      <setting name="NumberOfTestWorkers" value="8" />
    </settings>
    <properties>
      <property name="_PID" value="14876" />
      <property name="_APPDOMAIN" value="Generics.Table.exe" />
    </properties>
    <test-suite type="TestSuite" id="1017" name="Generics" fullname="Generics" runstate="Runnable" testcasecount="13" result="Passed" start-time="2020-07-25 10:15:29Z" end-time="2020-07-25 10:15:30Z" duration="0.184064" total="13" passed="13" failed="0" warnings="0" inconclusive="0" skipped="0" asserts="23">
      <test-suite type="TestSuite" id="1018" name="Tables" fullname="Generics.Tables" runstate="Runnable" testcasecount="13" result="Passed" start-time="2020-07-25 10:15:29Z" end-time="2020-07-25 10:15:30Z" duration="0.176000" total="13" passed="13" failed="0" warnings="0" inconclusive="0" skipped="0" asserts="23">
        <test-suite type="TestFixture" id="1013" name="BothIndices_should" fullname="Generics.Tables.BothIndices_should" classname="Generics.Tables.BothIndices_should" runstate="Runnable" testcasecount="2" result="Passed" start-time="2020-07-25 10:15:29Z" end-time="2020-07-25 10:15:30Z" duration="0.037355" total="2" passed="2" failed="0" warnings="0" inconclusive="0" skipped="0" asserts="2">
          <test-case id="1014" name="WorkTogether1" fullname="Generics.Tables.BothIndices_should.WorkTogether1" methodname="WorkTogether1" classname="Generics.Tables.BothIndices_should" runstate="Runnable" seed="1617686285" result="Passed" start-time="2020-07-25 10:15:29Z" end-time="2020-07-25 10:15:29Z" duration="0.017301" asserts="1" />
          <test-case id="1015" name="WorkTogether2" fullname="Generics.Tables.BothIndices_should.WorkTogether2" methodname="WorkTogether2" classname="Generics.Tables.BothIndices_should" runstate="Runnable" seed="1838422968" result="Passed" start-time="2020-07-25 10:15:30Z" end-time="2020-07-25 10:15:30Z" duration="0.001221" asserts="1" />
        </test-suite>
        <test-suite type="TestFixture" id="1006" name="ExistedIndex_should" fullname="Generics.Tables.ExistedIndex_should" classname="Generics.Tables.ExistedIndex_should" runstate="Runnable" testcasecount="6" result="Passed" start-time="2020-07-25 10:15:30Z" end-time="2020-07-25 10:15:30Z" duration="0.067990" total="6" passed="6" failed="0" warnings="0" inconclusive="0" skipped="0" asserts="6">
          <test-case id="1008" name="FailIfGettingFromNonExistingColumn" fullname="Generics.Tables.ExistedIndex_should.FailIfGettingFromNonExistingColumn" methodname="FailIfGettingFromNonExistingColumn" classname="Generics.Tables.ExistedIndex_should" runstate="Runnable" seed="755918459" result="Passed" start-time="2020-07-25 10:15:30Z" end-time="2020-07-25 10:15:30Z" duration="0.016577" asserts="1" />
          <test-case id="1007" name="FailIfGettingFromNonExistingRow" fullname="Generics.Tables.ExistedIndex_should.FailIfGettingFromNonExistingRow" methodname="FailIfGettingFromNonExistingRow" classname="Generics.Tables.ExistedIndex_should" runstate="Runnable" seed="314653813" result="Passed" start-time="2020-07-25 10:15:30Z" end-time="2020-07-25 10:15:30Z" duration="0.001245" asserts="1" />
          <test-case id="1010" name="FailIfSettingToNonExistingColumn" fullname="Generics.Tables.ExistedIndex_should.FailIfSettingToNonExistingColumn" methodname="FailIfSettingToNonExistingColumn" classname="Generics.Tables.ExistedIndex_should" runstate="Runnable" seed="748504486" result="Passed" start-time="2020-07-25 10:15:30Z" end-time="2020-07-25 10:15:30Z" duration="0.000693" asserts="1" />
          <test-case id="1009" name="FailIfSettingToNonExistingRow" fullname="Generics.Tables.ExistedIndex_should.FailIfSettingToNonExistingRow" methodname="FailIfSettingToNonExistingRow" classname="Generics.Tables.ExistedIndex_should" runstate="Runnable" seed="790681922" result="Passed" start-time="2020-07-25 10:15:30Z" end-time="2020-07-25 10:15:30Z" duration="0.001221" asserts="1" />
          <test-case id="1012" name="GetDefaultIfNoValueSet" fullname="Generics.Tables.ExistedIndex_should.GetDefaultIfNoValueSet" methodname="GetDefaultIfNoValueSet" classname="Generics.Tables.ExistedIndex_should" runstate="Runnable" seed="542048066" result="Passed" start-time="2020-07-25 10:15:30Z" end-time="2020-07-25 10:15:30Z" duration="0.004195" asserts="1" />
          <test-case id="1011" name="SetToExistedRowAndColumn" fullname="Generics.Tables.ExistedIndex_should.SetToExistedRowAndColumn" methodname="SetToExistedRowAndColumn" classname="Generics.Tables.ExistedIndex_should" runstate="Runnable" seed="55942991" result="Passed" start-time="2020-07-25 10:15:30Z" end-time="2020-07-25 10:15:30Z" duration="0.000799" asserts="1" />
        </test-suite>
        <test-suite type="TestFixture" id="1000" name="OpenIndex_should" fullname="Generics.Tables.OpenIndex_should" classname="Generics.Tables.OpenIndex_should" runstate="Runnable" testcasecount="5" result="Passed" start-time="2020-07-25 10:15:30Z" end-time="2020-07-25 10:15:30Z" duration="0.048263" total="5" passed="5" failed="0" warnings="0" inconclusive="0" skipped="0" asserts="15">
          <test-case id="1001" name="AddColumnsAndRows" fullname="Generics.Tables.OpenIndex_should.AddColumnsAndRows" methodname="AddColumnsAndRows" classname="Generics.Tables.OpenIndex_should" runstate="Runnable" seed="217370901" result="Passed" start-time="2020-07-25 10:15:30Z" end-time="2020-07-25 10:15:30Z" duration="0.003332" asserts="3" />
          <test-case id="1002" name="DontAddExistedColumnsAndRows1" fullname="Generics.Tables.OpenIndex_should.DontAddExistedColumnsAndRows1" methodname="DontAddExistedColumnsAndRows1" classname="Generics.Tables.OpenIndex_should" runstate="Runnable" seed="480055814" result="Passed" start-time="2020-07-25 10:15:30Z" end-time="2020-07-25 10:15:30Z" duration="0.000719" asserts="3" />
          <test-case id="1003" name="DontAddExistedColumnsAndRows2" fullname="Generics.Tables.OpenIndex_should.DontAddExistedColumnsAndRows2" methodname="DontAddExistedColumnsAndRows2" classname="Generics.Tables.OpenIndex_should" runstate="Runnable" seed="1751422045" result="Passed" start-time="2020-07-25 10:15:30Z" end-time="2020-07-25 10:15:30Z" duration="0.004361" asserts="3" />
          <test-case id="1004" name="ReturnDefaultIfNoValueSet1" fullname="Generics.Tables.OpenIndex_should.ReturnDefaultIfNoValueSet1" methodname="ReturnDefaultIfNoValueSet1" classname="Generics.Tables.OpenIndex_should" runstate="Runnable" seed="1972458966" result="Passed" start-time="2020-07-25 10:15:30Z" end-time="2020-07-25 10:15:30Z" duration="0.000835" asserts="3" />
          <test-case id="1005" name="ReturnDefaultIfNoValueSet2" fullname="Generics.Tables.OpenIndex_should.ReturnDefaultIfNoValueSet2" methodname="ReturnDefaultIfNoValueSet2" classname="Generics.Tables.OpenIndex_should" runstate="Runnable" seed="749613122" result="Passed" start-time="2020-07-25 10:15:30Z" end-time="2020-07-25 10:15:30Z" duration="0.000527" asserts="3" />
        </test-suite>
      </test-suite>
    </test-suite>
  </test-suite>
</test-run>