<?xml version="1.0" encoding="utf-8"?>
<test-run id="2" name="Incapsulation.RationalNumbers.exe" fullname="C:/Users/Иван/Desktop/C#/Incapsulation.RationalNumbers/bin/Debug/Incapsulation.RationalNumbers.exe" testcasecount="48" result="Passed" start-time="2020-07-23 13:07:13Z" end-time="2020-07-23 13:07:14Z" duration="0.239323" total="48" passed="48" failed="0" inconclusive="0" skipped="0" asserts="88" random-seed="1189983581">
  <command-line><![CDATA[C:\Users\Иван\Desktop\C#\Incapsulation.RationalNumbers\bin\Debug\Incapsulation.RationalNumbers.exe]]></command-line>
  <filter />
  <test-suite type="Assembly" id="1053" name="Incapsulation.RationalNumbers.exe" fullname="C:/Users/Иван/Desktop/C#/Incapsulation.RationalNumbers/bin/Debug/Incapsulation.RationalNumbers.exe" runstate="Runnable" testcasecount="48" result="Passed" start-time="2020-07-23 13:07:13Z" end-time="2020-07-23 13:07:14Z" duration="0.239323" total="48" passed="48" failed="0" warnings="0" inconclusive="0" skipped="0" asserts="88">
    <environment framework-version="3.6.0.0" clr-version="4.0.30319.42000" os-version="Microsoft Windows NT 6.2.9200.0" platform="Win32NT" cwd="C:\Users\Иван\Desktop\C#\Incapsulation.RationalNumbers\bin\Debug" machine-name="HP-PC" user="Иван" user-domain="HP-PC" culture="ru-RU" uiculture="ru-RU" os-architecture="x86" />
    <settings>
      <setting name="WorkDirectory" value="C:\Users\Иван\Desktop\C#\Incapsulation.RationalNumbers\bin\Debug" />
      <setting name="NumberOfTestWorkers" value="8" />
    </settings>
    <properties>
      <property name="_PID" value="11504" />
      <property name="_APPDOMAIN" value="Incapsulation.RationalNumbers.exe" />
    </properties>
    <test-suite type="TestSuite" id="1054" name="Incapsulation" fullname="Incapsulation" runstate="Runnable" testcasecount="48" result="Passed" start-time="2020-07-23 13:07:13Z" end-time="2020-07-23 13:07:14Z" duration="0.228390" total="48" passed="48" failed="0" warnings="0" inconclusive="0" skipped="0" asserts="88">
      <test-suite type="TestSuite" id="1055" name="RationalNumbers" fullname="Incapsulation.RationalNumbers" runstate="Runnable" testcasecount="48" result="Passed" start-time="2020-07-23 13:07:13Z" end-time="2020-07-23 13:07:14Z" duration="0.224329" total="48" passed="48" failed="0" warnings="0" inconclusive="0" skipped="0" asserts="88">
        <test-suite type="TestFixture" id="1000" name="Rational_should" fullname="Incapsulation.RationalNumbers.Rational_should" classname="Incapsulation.RationalNumbers.Rational_should" runstate="Runnable" testcasecount="48" result="Passed" start-time="2020-07-23 13:07:13Z" end-time="2020-07-23 13:07:14Z" duration="0.219384" total="48" passed="48" failed="0" warnings="0" inconclusive="0" skipped="0" asserts="88">
          <test-case id="1004" name="BeCorrectWithZeroNumerator" fullname="Incapsulation.RationalNumbers.Rational_should.BeCorrectWithZeroNumerator" methodname="BeCorrectWithZeroNumerator" classname="Incapsulation.RationalNumbers.Rational_should" runstate="Runnable" seed="939151072" result="Passed" start-time="2020-07-23 13:07:13Z" end-time="2020-07-23 13:07:13Z" duration="0.011631" asserts="3" />
          <test-case id="1032" name="ConvertFromInt" fullname="Incapsulation.RationalNumbers.Rational_should.ConvertFromInt" methodname="ConvertFromInt" classname="Incapsulation.RationalNumbers.Rational_should" runstate="Runnable" seed="907173626" result="Passed" start-time="2020-07-23 13:07:13Z" end-time="2020-07-23 13:07:13Z" duration="0.000526" asserts="3" />
          <test-suite type="ParameterizedMethod" id="1031" name="ConvertToDouble" fullname="Incapsulation.RationalNumbers.Rational_should.ConvertToDouble" classname="Incapsulation.RationalNumbers.Rational_should" runstate="Runnable" testcasecount="6" result="Passed" start-time="2020-07-23 13:07:13Z" end-time="2020-07-23 13:07:13Z" duration="0.025822" total="6" passed="6" failed="0" warnings="0" inconclusive="0" skipped="0" asserts="6">
            <test-case id="1025" name="ConvertToDouble(1,2,0.5d)" fullname="Incapsulation.RationalNumbers.Rational_should.ConvertToDouble(1,2,0.5d)" methodname="ConvertToDouble" classname="Incapsulation.RationalNumbers.Rational_should" runstate="Runnable" seed="694996051" result="Passed" start-time="2020-07-23 13:07:13Z" end-time="2020-07-23 13:07:13Z" duration="0.001947" asserts="1" />
            <test-case id="1026" name="ConvertToDouble(10,5,2.0d)" fullname="Incapsulation.RationalNumbers.Rational_should.ConvertToDouble(10,5,2.0d)" methodname="ConvertToDouble" classname="Incapsulation.RationalNumbers.Rational_should" runstate="Runnable" seed="2108423639" result="Passed" start-time="2020-07-23 13:07:13Z" end-time="2020-07-23 13:07:13Z" duration="0.000075" asserts="1" />
            <test-case id="1027" name="ConvertToDouble(-1,5,-0.2d)" fullname="Incapsulation.RationalNumbers.Rational_should.ConvertToDouble(-1,5,-0.2d)" methodname="ConvertToDouble" classname="Incapsulation.RationalNumbers.Rational_should" runstate="Runnable" seed="1332266474" result="Passed" start-time="2020-07-23 13:07:13Z" end-time="2020-07-23 13:07:13Z" duration="0.000105" asserts="1" />
            <test-case id="1028" name="ConvertToDouble(10,0,double.NaN)" fullname="Incapsulation.RationalNumbers.Rational_should.ConvertToDouble(10,0,double.NaN)" methodname="ConvertToDouble" classname="Incapsulation.RationalNumbers.Rational_should" runstate="Runnable" seed="1640381765" result="Passed" start-time="2020-07-23 13:07:13Z" end-time="2020-07-23 13:07:13Z" duration="0.000067" asserts="1" />
            <test-case id="1029" name="ConvertToDouble(-10,0,double.NaN)" fullname="Incapsulation.RationalNumbers.Rational_should.ConvertToDouble(-10,0,double.NaN)" methodname="ConvertToDouble" classname="Incapsulation.RationalNumbers.Rational_should" runstate="Runnable" seed="686975785" result="Passed" start-time="2020-07-23 13:07:13Z" end-time="2020-07-23 13:07:13Z" duration="0.000061" asserts="1" />
            <test-case id="1030" name="ConvertToDouble(0,0,double.NaN)" fullname="Incapsulation.RationalNumbers.Rational_should.ConvertToDouble(0,0,double.NaN)" methodname="ConvertToDouble" classname="Incapsulation.RationalNumbers.Rational_should" runstate="Runnable" seed="918256228" result="Passed" start-time="2020-07-23 13:07:13Z" end-time="2020-07-23 13:07:13Z" duration="0.000137" asserts="1" />
          </test-suite>
          <test-case id="1022" name="Divide" fullname="Incapsulation.RationalNumbers.Rational_should.Divide" methodname="Divide" classname="Incapsulation.RationalNumbers.Rational_should" runstate="Runnable" seed="577770963" result="Passed" start-time="2020-07-23 13:07:13Z" end-time="2020-07-23 13:07:13Z" duration="0.000505" asserts="3" />
          <test-case id="1024" name="DivideToZero" fullname="Incapsulation.RationalNumbers.Rational_should.DivideToZero" methodname="DivideToZero" classname="Incapsulation.RationalNumbers.Rational_should" runstate="Runnable" seed="1261700161" result="Passed" start-time="2020-07-23 13:07:13Z" end-time="2020-07-23 13:07:13Z" duration="0.000728" asserts="1" />
          <test-case id="1023" name="DivideWithNan" fullname="Incapsulation.RationalNumbers.Rational_should.DivideWithNan" methodname="DivideWithNan" classname="Incapsulation.RationalNumbers.Rational_should" runstate="Runnable" seed="176786317" result="Passed" start-time="2020-07-23 13:07:13Z" end-time="2020-07-23 13:07:13Z" duration="0.000193" asserts="2" />
          <test-suite type="ParameterizedMethod" id="1045" name="ExplicitlyConvertToInt" fullname="Incapsulation.RationalNumbers.Rational_should.ExplicitlyConvertToInt" classname="Incapsulation.RationalNumbers.Rational_should" runstate="Runnable" testcasecount="12" result="Passed" start-time="2020-07-23 13:07:13Z" end-time="2020-07-23 13:07:13Z" duration="0.045881" total="12" passed="12" failed="0" warnings="0" inconclusive="0" skipped="0" asserts="12">
            <test-case id="1033" name="ExplicitlyConvertToInt(0,1,0)" fullname="Incapsulation.RationalNumbers.Rational_should.ExplicitlyConvertToInt(0,1,0)" methodname="ExplicitlyConvertToInt" classname="Incapsulation.RationalNumbers.Rational_should" runstate="Runnable" seed="1618694368" result="Passed" start-time="2020-07-23 13:07:13Z" end-time="2020-07-23 13:07:13Z" duration="0.000350" asserts="1" />
            <test-case id="1034" name="ExplicitlyConvertToInt(1,1,1)" fullname="Incapsulation.RationalNumbers.Rational_should.ExplicitlyConvertToInt(1,1,1)" methodname="ExplicitlyConvertToInt" classname="Incapsulation.RationalNumbers.Rational_should" runstate="Runnable" seed="767596256" result="Passed" start-time="2020-07-23 13:07:13Z" end-time="2020-07-23 13:07:13Z" duration="0.000070" asserts="1" />
            <test-case id="1035" name="ExplicitlyConvertToInt(2,1,2)" fullname="Incapsulation.RationalNumbers.Rational_should.ExplicitlyConvertToInt(2,1,2)" methodname="ExplicitlyConvertToInt" classname="Incapsulation.RationalNumbers.Rational_should" runstate="Runnable" seed="119948004" result="Passed" start-time="2020-07-23 13:07:13Z" end-time="2020-07-23 13:07:13Z" duration="0.000083" asserts="1" />
            <test-case id="1036" name="ExplicitlyConvertToInt(3,1,3)" fullname="Incapsulation.RationalNumbers.Rational_should.ExplicitlyConvertToInt(3,1,3)" methodname="ExplicitlyConvertToInt" classname="Incapsulation.RationalNumbers.Rational_should" runstate="Runnable" seed="1594083233" result="Passed" start-time="2020-07-23 13:07:13Z" end-time="2020-07-23 13:07:13Z" duration="0.000042" asserts="1" />
            <test-case id="1037" name="ExplicitlyConvertToInt(2,2,1)" fullname="Incapsulation.RationalNumbers.Rational_should.ExplicitlyConvertToInt(2,2,1)" methodname="ExplicitlyConvertToInt" classname="Incapsulation.RationalNumbers.Rational_should" runstate="Runnable" seed="936138894" result="Passed" start-time="2020-07-23 13:07:13Z" end-time="2020-07-23 13:07:13Z" duration="0.000039" asserts="1" />
            <test-case id="1038" name="ExplicitlyConvertToInt(6,3,2)" fullname="Incapsulation.RationalNumbers.Rational_should.ExplicitlyConvertToInt(6,3,2)" methodname="ExplicitlyConvertToInt" classname="Incapsulation.RationalNumbers.Rational_should" runstate="Runnable" seed="1980128968" result="Passed" start-time="2020-07-23 13:07:13Z" end-time="2020-07-23 13:07:13Z" duration="0.000086" asserts="1" />
            <test-case id="1039" name="ExplicitlyConvertToInt(12,2,6)" fullname="Incapsulation.RationalNumbers.Rational_should.ExplicitlyConvertToInt(12,2,6)" methodname="ExplicitlyConvertToInt" classname="Incapsulation.RationalNumbers.Rational_should" runstate="Runnable" seed="1344382360" result="Passed" start-time="2020-07-23 13:07:13Z" end-time="2020-07-23 13:07:13Z" duration="0.000046" asserts="1" />
            <test-case id="1040" name="ExplicitlyConvertToInt(12,3,4)" fullname="Incapsulation.RationalNumbers.Rational_should.ExplicitlyConvertToInt(12,3,4)" methodname="ExplicitlyConvertToInt" classname="Incapsulation.RationalNumbers.Rational_should" runstate="Runnable" seed="784914162" result="Passed" start-time="2020-07-23 13:07:13Z" end-time="2020-07-23 13:07:13Z" duration="0.000088" asserts="1" />
            <test-case id="1041" name="ExplicitlyConvertToInt(12,4,3)" fullname="Incapsulation.RationalNumbers.Rational_should.ExplicitlyConvertToInt(12,4,3)" methodname="ExplicitlyConvertToInt" classname="Incapsulation.RationalNumbers.Rational_should" runstate="Runnable" seed="84217553" result="Passed" start-time="2020-07-23 13:07:13Z" end-time="2020-07-23 13:07:13Z" duration="0.000042" asserts="1" />
            <test-case id="1042" name="ExplicitlyConvertToInt(12,6,2)" fullname="Incapsulation.RationalNumbers.Rational_should.ExplicitlyConvertToInt(12,6,2)" methodname="ExplicitlyConvertToInt" classname="Incapsulation.RationalNumbers.Rational_should" runstate="Runnable" seed="328016648" result="Passed" start-time="2020-07-23 13:07:13Z" end-time="2020-07-23 13:07:13Z" duration="0.000082" asserts="1" />
            <test-case id="1043" name="ExplicitlyConvertToInt(12,12,1)" fullname="Incapsulation.RationalNumbers.Rational_should.ExplicitlyConvertToInt(12,12,1)" methodname="ExplicitlyConvertToInt" classname="Incapsulation.RationalNumbers.Rational_should" runstate="Runnable" seed="734648862" result="Passed" start-time="2020-07-23 13:07:13Z" end-time="2020-07-23 13:07:13Z" duration="0.000074" asserts="1" />
            <test-case id="1044" name="ExplicitlyConvertToInt(1000,1,1000)" fullname="Incapsulation.RationalNumbers.Rational_should.ExplicitlyConvertToInt(1000,1,1000)" methodname="ExplicitlyConvertToInt" classname="Incapsulation.RationalNumbers.Rational_should" runstate="Runnable" seed="717224911" result="Passed" start-time="2020-07-23 13:07:13Z" end-time="2020-07-23 13:07:13Z" duration="0.000095" asserts="1" />
          </test-suite>
          <test-suite type="ParameterizedMethod" id="1052" name="ExplicitlyConvertToIntAndFailsIfNonConvertible" fullname="Incapsulation.RationalNumbers.Rational_should.ExplicitlyConvertToIntAndFailsIfNonConvertible" classname="Incapsulation.RationalNumbers.Rational_should" runstate="Runnable" testcasecount="6" result="Passed" start-time="2020-07-23 13:07:13Z" end-time="2020-07-23 13:07:13Z" duration="0.027873" total="6" passed="6" failed="0" warnings="0" inconclusive="0" skipped="0" asserts="6">
            <test-case id="1046" name="ExplicitlyConvertToIntAndFailsIfNonConvertible(1,2)" fullname="Incapsulation.RationalNumbers.Rational_should.ExplicitlyConvertToIntAndFailsIfNonConvertible(1,2)" methodname="ExplicitlyConvertToIntAndFailsIfNonConvertible" classname="Incapsulation.RationalNumbers.Rational_should" runstate="Runnable" seed="1647505775" result="Passed" start-time="2020-07-23 13:07:13Z" end-time="2020-07-23 13:07:13Z" duration="0.005694" asserts="1" />
            <test-case id="1047" name="ExplicitlyConvertToIntAndFailsIfNonConvertible(12,5)" fullname="Incapsulation.RationalNumbers.Rational_should.ExplicitlyConvertToIntAndFailsIfNonConvertible(12,5)" methodname="ExplicitlyConvertToIntAndFailsIfNonConvertible" classname="Incapsulation.RationalNumbers.Rational_should" runstate="Runnable" seed="1620759939" result="Passed" start-time="2020-07-23 13:07:13Z" end-time="2020-07-23 13:07:13Z" duration="0.000096" asserts="1" />
            <test-case id="1048" name="ExplicitlyConvertToIntAndFailsIfNonConvertible(12,10)" fullname="Incapsulation.RationalNumbers.Rational_should.ExplicitlyConvertToIntAndFailsIfNonConvertible(12,10)" methodname="ExplicitlyConvertToIntAndFailsIfNonConvertible" classname="Incapsulation.RationalNumbers.Rational_should" runstate="Runnable" seed="1660681644" result="Passed" start-time="2020-07-23 13:07:13Z" end-time="2020-07-23 13:07:13Z" duration="0.000074" asserts="1" />
            <test-case id="1049" name="ExplicitlyConvertToIntAndFailsIfNonConvertible(25,8)" fullname="Incapsulation.RationalNumbers.Rational_should.ExplicitlyConvertToIntAndFailsIfNonConvertible(25,8)" methodname="ExplicitlyConvertToIntAndFailsIfNonConvertible" classname="Incapsulation.RationalNumbers.Rational_should" runstate="Runnable" seed="1762621258" result="Passed" start-time="2020-07-23 13:07:13Z" end-time="2020-07-23 13:07:13Z" duration="0.000092" asserts="1" />
            <test-case id="1050" name="ExplicitlyConvertToIntAndFailsIfNonConvertible(2,3)" fullname="Incapsulation.RationalNumbers.Rational_should.ExplicitlyConvertToIntAndFailsIfNonConvertible(2,3)" methodname="ExplicitlyConvertToIntAndFailsIfNonConvertible" classname="Incapsulation.RationalNumbers.Rational_should" runstate="Runnable" seed="48186678" result="Passed" start-time="2020-07-23 13:07:13Z" end-time="2020-07-23 13:07:13Z" duration="0.000116" asserts="1" />
            <test-case id="1051" name="ExplicitlyConvertToIntAndFailsIfNonConvertible(2,4)" fullname="Incapsulation.RationalNumbers.Rational_should.ExplicitlyConvertToIntAndFailsIfNonConvertible(2,4)" methodname="ExplicitlyConvertToIntAndFailsIfNonConvertible" classname="Incapsulation.RationalNumbers.Rational_should" runstate="Runnable" seed="57346349" result="Passed" start-time="2020-07-23 13:07:13Z" end-time="2020-07-23 13:07:13Z" duration="0.000133" asserts="1" />
          </test-suite>
          <test-suite type="ParameterizedMethod" id="1015" name="InitializeAndReduce1" fullname="Incapsulation.RationalNumbers.Rational_should.InitializeAndReduce1" classname="Incapsulation.RationalNumbers.Rational_should" runstate="Runnable" testcasecount="10" result="Passed" start-time="2020-07-23 13:07:13Z" end-time="2020-07-23 13:07:13Z" duration="0.037930" total="10" passed="10" failed="0" warnings="0" inconclusive="0" skipped="0" asserts="30">
            <test-case id="1005" name="InitializeAndReduce1(1,2,2,4)" fullname="Incapsulation.RationalNumbers.Rational_should.InitializeAndReduce1(1,2,2,4)" methodname="InitializeAndReduce1" classname="Incapsulation.RationalNumbers.Rational_should" runstate="Runnable" seed="1023022506" result="Passed" start-time="2020-07-23 13:07:13Z" end-time="2020-07-23 13:07:13Z" duration="0.000176" asserts="3" />
            <test-case id="1006" name="InitializeAndReduce1(-1,2,-2,4)" fullname="Incapsulation.RationalNumbers.Rational_should.InitializeAndReduce1(-1,2,-2,4)" methodname="InitializeAndReduce1" classname="Incapsulation.RationalNumbers.Rational_should" runstate="Runnable" seed="499560015" result="Passed" start-time="2020-07-23 13:07:13Z" end-time="2020-07-23 13:07:13Z" duration="0.000055" asserts="3" />
            <test-case id="1007" name="InitializeAndReduce1(-1,2,2,-4)" fullname="Incapsulation.RationalNumbers.Rational_should.InitializeAndReduce1(-1,2,2,-4)" methodname="InitializeAndReduce1" classname="Incapsulation.RationalNumbers.Rational_should" runstate="Runnable" seed="75960275" result="Passed" start-time="2020-07-23 13:07:13Z" end-time="2020-07-23 13:07:13Z" duration="0.000038" asserts="3" />
            <test-case id="1008" name="InitializeAndReduce1(1,2,-2,-4)" fullname="Incapsulation.RationalNumbers.Rational_should.InitializeAndReduce1(1,2,-2,-4)" methodname="InitializeAndReduce1" classname="Incapsulation.RationalNumbers.Rational_should" runstate="Runnable" seed="499501265" result="Passed" start-time="2020-07-23 13:07:13Z" end-time="2020-07-23 13:07:13Z" duration="0.000063" asserts="3" />
            <test-case id="1009" name="InitializeAndReduce1(1,2,1,2)" fullname="Incapsulation.RationalNumbers.Rational_should.InitializeAndReduce1(1,2,1,2)" methodname="InitializeAndReduce1" classname="Incapsulation.RationalNumbers.Rational_should" runstate="Runnable" seed="89902183" result="Passed" start-time="2020-07-23 13:07:13Z" end-time="2020-07-23 13:07:13Z" duration="0.000081" asserts="3" />
            <test-case id="1010" name="InitializeAndReduce1(1,2,8,16)" fullname="Incapsulation.RationalNumbers.Rational_should.InitializeAndReduce1(1,2,8,16)" methodname="InitializeAndReduce1" classname="Incapsulation.RationalNumbers.Rational_should" runstate="Runnable" seed="1614184076" result="Passed" start-time="2020-07-23 13:07:13Z" end-time="2020-07-23 13:07:13Z" duration="0.000052" asserts="3" />
            <test-case id="1011" name="InitializeAndReduce1(2,3,10,15)" fullname="Incapsulation.RationalNumbers.Rational_should.InitializeAndReduce1(2,3,10,15)" methodname="InitializeAndReduce1" classname="Incapsulation.RationalNumbers.Rational_should" runstate="Runnable" seed="579786489" result="Passed" start-time="2020-07-23 13:07:13Z" end-time="2020-07-23 13:07:13Z" duration="0.000067" asserts="3" />
            <test-case id="1012" name="InitializeAndReduce1(4,7,16,28)" fullname="Incapsulation.RationalNumbers.Rational_should.InitializeAndReduce1(4,7,16,28)" methodname="InitializeAndReduce1" classname="Incapsulation.RationalNumbers.Rational_should" runstate="Runnable" seed="757613619" result="Passed" start-time="2020-07-23 13:07:13Z" end-time="2020-07-23 13:07:13Z" duration="0.000040" asserts="3" />
            <test-case id="1013" name="InitializeAndReduce1(3,256,12,1024)" fullname="Incapsulation.RationalNumbers.Rational_should.InitializeAndReduce1(3,256,12,1024)" methodname="InitializeAndReduce1" classname="Incapsulation.RationalNumbers.Rational_should" runstate="Runnable" seed="1389718505" result="Passed" start-time="2020-07-23 13:07:13Z" end-time="2020-07-23 13:07:13Z" duration="0.000081" asserts="3" />
            <test-case id="1014" name="InitializeAndReduce1(1,1,1,1)" fullname="Incapsulation.RationalNumbers.Rational_should.InitializeAndReduce1(1,1,1,1)" methodname="InitializeAndReduce1" classname="Incapsulation.RationalNumbers.Rational_should" runstate="Runnable" seed="1283412954" result="Passed" start-time="2020-07-23 13:07:13Z" end-time="2020-07-23 13:07:13Z" duration="0.000112" asserts="3" />
          </test-suite>
          <test-case id="1001" name="InitializeSimpleRatioCorrectly" fullname="Incapsulation.RationalNumbers.Rational_should.InitializeSimpleRatioCorrectly" methodname="InitializeSimpleRatioCorrectly" classname="Incapsulation.RationalNumbers.Rational_should" runstate="Runnable" seed="231374847" result="Passed" start-time="2020-07-23 13:07:13Z" end-time="2020-07-23 13:07:13Z" duration="0.000206" asserts="3" />
          <test-case id="1002" name="InitializeWithoutDenominator" fullname="Incapsulation.RationalNumbers.Rational_should.InitializeWithoutDenominator" methodname="InitializeWithoutDenominator" classname="Incapsulation.RationalNumbers.Rational_should" runstate="Runnable" seed="985517569" result="Passed" start-time="2020-07-23 13:07:13Z" end-time="2020-07-23 13:07:13Z" duration="0.000122" asserts="3" />
          <test-case id="1003" name="InitializeWithZeroDenominator" fullname="Incapsulation.RationalNumbers.Rational_should.InitializeWithZeroDenominator" methodname="InitializeWithZeroDenominator" classname="Incapsulation.RationalNumbers.Rational_should" runstate="Runnable" seed="681593991" result="Passed" start-time="2020-07-23 13:07:13Z" end-time="2020-07-23 13:07:13Z" duration="0.000091" asserts="1" />
          <test-case id="1020" name="Multiply" fullname="Incapsulation.RationalNumbers.Rational_should.Multiply" methodname="Multiply" classname="Incapsulation.RationalNumbers.Rational_should" runstate="Runnable" seed="545298802" result="Passed" start-time="2020-07-23 13:07:13Z" end-time="2020-07-23 13:07:13Z" duration="0.000241" asserts="3" />
          <test-case id="1021" name="MultiplyWithNan" fullname="Incapsulation.RationalNumbers.Rational_should.MultiplyWithNan" methodname="MultiplyWithNan" classname="Incapsulation.RationalNumbers.Rational_should" runstate="Runnable" seed="989155090" result="Passed" start-time="2020-07-23 13:07:13Z" end-time="2020-07-23 13:07:13Z" duration="0.000162" asserts="2" />
          <test-case id="1018" name="Subtract" fullname="Incapsulation.RationalNumbers.Rational_should.Subtract" methodname="Subtract" classname="Incapsulation.RationalNumbers.Rational_should" runstate="Runnable" seed="1758477760" result="Passed" start-time="2020-07-23 13:07:13Z" end-time="2020-07-23 13:07:13Z" duration="0.000272" asserts="3" />
          <test-case id="1019" name="SubtractWithNan" fullname="Incapsulation.RationalNumbers.Rational_should.SubtractWithNan" methodname="SubtractWithNan" classname="Incapsulation.RationalNumbers.Rational_should" runstate="Runnable" seed="1014403254" result="Passed" start-time="2020-07-23 13:07:13Z" end-time="2020-07-23 13:07:13Z" duration="0.000387" asserts="2" />
          <test-case id="1016" name="Sum" fullname="Incapsulation.RationalNumbers.Rational_should.Sum" methodname="Sum" classname="Incapsulation.RationalNumbers.Rational_should" runstate="Runnable" seed="1425673035" result="Passed" start-time="2020-07-23 13:07:14Z" end-time="2020-07-23 13:07:14Z" duration="0.000279" asserts="3" />
          <test-case id="1017" name="SumWithNan" fullname="Incapsulation.RationalNumbers.Rational_should.SumWithNan" methodname="SumWithNan" classname="Incapsulation.RationalNumbers.Rational_should" runstate="Runnable" seed="1935900959" result="Passed" start-time="2020-07-23 13:07:14Z" end-time="2020-07-23 13:07:14Z" duration="0.000145" asserts="2" />
        </test-suite>
      </test-suite>
    </test-suite>
  </test-suite>
</test-run>