<?xml version="1.0" encoding="utf-8"?>
<test-run id="2" name="Inheritance.DataStructure.exe" fullname="C:/Users/Иван/Desktop/C#/Inheritance.DataStucture/bin/Debug/Inheritance.DataStructure.exe" testcasecount="6" result="Passed" start-time="2020-07-24 09:43:28Z" end-time="2020-07-24 09:43:28Z" duration="0.103995" total="6" passed="6" failed="0" inconclusive="0" skipped="0" asserts="145" random-seed="158462617">
  <command-line><![CDATA[C:\Users\Иван\Desktop\C#\Inheritance.DataStucture\bin\Debug\Inheritance.DataStructure.exe]]></command-line>
  <filter />
  <test-suite type="Assembly" id="1007" name="Inheritance.DataStructure.exe" fullname="C:/Users/Иван/Desktop/C#/Inheritance.DataStucture/bin/Debug/Inheritance.DataStructure.exe" runstate="Runnable" testcasecount="6" result="Passed" start-time="2020-07-24 09:43:28Z" end-time="2020-07-24 09:43:28Z" duration="0.103995" total="6" passed="6" failed="0" warnings="0" inconclusive="0" skipped="0" asserts="145">
    <environment framework-version="3.6.0.0" clr-version="4.0.30319.42000" os-version="Microsoft Windows NT 6.2.9200.0" platform="Win32NT" cwd="C:\Users\Иван\Desktop\C#\Inheritance.DataStucture\bin\Debug" machine-name="HP-PC" user="Иван" user-domain="HP-PC" culture="ru-RU" uiculture="ru-RU" os-architecture="x86" />
    <settings>
      <setting name="WorkDirectory" value="C:\Users\Иван\Desktop\C#\Inheritance.DataStucture\bin\Debug" />
      <setting name="NumberOfTestWorkers" value="8" />
    </settings>
    <properties>
      <property name="_PID" value="7076" />
      <property name="_APPDOMAIN" value="Inheritance.DataStructure.exe" />
    </properties>
    <test-suite type="TestSuite" id="1008" name="Inheritance" fullname="Inheritance" runstate="Runnable" testcasecount="6" result="Passed" start-time="2020-07-24 09:43:28Z" end-time="2020-07-24 09:43:28Z" duration="0.088111" total="6" passed="6" failed="0" warnings="0" inconclusive="0" skipped="0" asserts="145">
      <test-suite type="TestSuite" id="1009" name="DataStructure" fullname="Inheritance.DataStructure" runstate="Runnable" testcasecount="6" result="Passed" start-time="2020-07-24 09:43:28Z" end-time="2020-07-24 09:43:28Z" duration="0.081198" total="6" passed="6" failed="0" warnings="0" inconclusive="0" skipped="0" asserts="145">
        <test-suite type="TestFixture" id="1000" name="Category_should" fullname="Inheritance.DataStructure.Category_should" classname="Inheritance.DataStructure.Category_should" runstate="Runnable" testcasecount="6" result="Passed" start-time="2020-07-24 09:43:28Z" end-time="2020-07-24 09:43:28Z" duration="0.072812" total="6" passed="6" failed="0" warnings="0" inconclusive="0" skipped="0" asserts="145">
          <test-case id="1003" name="ImplementCompareToCorrectly" fullname="Inheritance.DataStructure.Category_should.ImplementCompareToCorrectly" methodname="ImplementCompareToCorrectly" classname="Inheritance.DataStructure.Category_should" runstate="Runnable" seed="1003009843" result="Passed" start-time="2020-07-24 09:43:28Z" end-time="2020-07-24 09:43:28Z" duration="0.014258" asserts="17" />
          <test-case id="1001" name="ImplementEqualsCorrectly" fullname="Inheritance.DataStructure.Category_should.ImplementEqualsCorrectly" methodname="ImplementEqualsCorrectly" classname="Inheritance.DataStructure.Category_should" runstate="Runnable" seed="1828400875" result="Passed" start-time="2020-07-24 09:43:28Z" end-time="2020-07-24 09:43:28Z" duration="0.002817" asserts="17" />
          <test-case id="1002" name="ImplementGetHashCodeCorrectly" fullname="Inheritance.DataStructure.Category_should.ImplementGetHashCodeCorrectly" methodname="ImplementGetHashCodeCorrectly" classname="Inheritance.DataStructure.Category_should" runstate="Runnable" seed="1693612242" result="Passed" start-time="2020-07-24 09:43:28Z" end-time="2020-07-24 09:43:28Z" duration="0.004632" asserts="13" />
          <test-case id="1005" name="ImplementIComparableInterface" fullname="Inheritance.DataStructure.Category_should.ImplementIComparableInterface" methodname="ImplementIComparableInterface" classname="Inheritance.DataStructure.Category_should" runstate="Runnable" seed="1629704934" result="Passed" start-time="2020-07-24 09:43:28Z" end-time="2020-07-24 09:43:28Z" duration="0.000258" asserts="1" />
          <test-case id="1004" name="ImplementOperatorsCorrectly" fullname="Inheritance.DataStructure.Category_should.ImplementOperatorsCorrectly" methodname="ImplementOperatorsCorrectly" classname="Inheritance.DataStructure.Category_should" runstate="Runnable" seed="1185266098" result="Passed" start-time="2020-07-24 09:43:28Z" end-time="2020-07-24 09:43:28Z" duration="0.001482" asserts="96" />
          <test-case id="1006" name="ImplementToStringCorrectly" fullname="Inheritance.DataStructure.Category_should.ImplementToStringCorrectly" methodname="ImplementToStringCorrectly" classname="Inheritance.DataStructure.Category_should" runstate="Runnable" seed="617297814" result="Passed" start-time="2020-07-24 09:43:28Z" end-time="2020-07-24 09:43:28Z" duration="0.000823" asserts="1" />
        </test-suite>
      </test-suite>
    </test-suite>
  </test-suite>
</test-run>