<?xml version="1.0" encoding="utf-8"?>
<test-run id="2" name="Incapsulation.Weights.exe" fullname="C:/Users/Иван/Desktop/C#/Incapsulation.Weights/bin/Debug/Incapsulation.Weights.exe" testcasecount="27" result="Passed" start-time="2020-07-23 11:34:37Z" end-time="2020-07-23 11:34:37Z" duration="0.343792" total="27" passed="27" failed="0" inconclusive="0" skipped="0" asserts="18" random-seed="1480708920">
  <command-line><![CDATA[C:\Users\Иван\Desktop\C#\Incapsulation.Weights\bin\Debug\Incapsulation.Weights.exe]]></command-line>
  <filter />
  <test-suite type="Assembly" id="1034" name="Incapsulation.Weights.exe" fullname="C:/Users/Иван/Desktop/C#/Incapsulation.Weights/bin/Debug/Incapsulation.Weights.exe" runstate="Runnable" testcasecount="27" result="Passed" start-time="2020-07-23 11:34:37Z" end-time="2020-07-23 11:34:37Z" duration="0.343792" total="27" passed="27" failed="0" warnings="0" inconclusive="0" skipped="0" asserts="18">
    <environment framework-version="3.6.0.0" clr-version="4.0.30319.42000" os-version="Microsoft Windows NT 6.2.9200.0" platform="Win32NT" cwd="C:\Users\Иван\Desktop\C#\Incapsulation.Weights\bin\Debug" machine-name="HP-PC" user="Иван" user-domain="HP-PC" culture="ru-RU" uiculture="ru-RU" os-architecture="x86" />
    <settings>
      <setting name="WorkDirectory" value="C:\Users\Иван\Desktop\C#\Incapsulation.Weights\bin\Debug" />
      <setting name="NumberOfTestWorkers" value="8" />
    </settings>
    <properties>
      <property name="_PID" value="14608" />
      <property name="_APPDOMAIN" value="Incapsulation.Weights.exe" />
    </properties>
    <test-suite type="TestSuite" id="1035" name="Incapsulation" fullname="Incapsulation" runstate="Runnable" testcasecount="27" result="Passed" start-time="2020-07-23 11:34:37Z" end-time="2020-07-23 11:34:37Z" duration="0.328261" total="27" passed="27" failed="0" warnings="0" inconclusive="0" skipped="0" asserts="18">
      <test-suite type="TestSuite" id="1036" name="Weights" fullname="Incapsulation.Weights" runstate="Runnable" testcasecount="27" result="Passed" start-time="2020-07-23 11:34:37Z" end-time="2020-07-23 11:34:37Z" duration="0.320252" total="27" passed="27" failed="0" warnings="0" inconclusive="0" skipped="0" asserts="18">
        <test-suite type="TestFixture" id="1000" name="Indexer_should" fullname="Incapsulation.Weights.Indexer_should" classname="Incapsulation.Weights.Indexer_should" runstate="Runnable" testcasecount="27" result="Passed" start-time="2020-07-23 11:34:37Z" end-time="2020-07-23 11:34:37Z" duration="0.312248" total="27" passed="27" failed="0" warnings="0" inconclusive="0" skipped="0" asserts="18">
          <test-suite type="ParameterizedMethod" id="1027" name="ConstructoNotFail_WhenRangeIsValid" fullname="Incapsulation.Weights.Indexer_should.ConstructoNotFail_WhenRangeIsValid" classname="Incapsulation.Weights.Indexer_should" runstate="Runnable" testcasecount="9" result="Passed" start-time="2020-07-23 11:34:37Z" end-time="2020-07-23 11:34:37Z" duration="0.078795" total="9" passed="9" failed="0" warnings="0" inconclusive="0" skipped="0" asserts="0">
            <test-case id="1018" name="ConstructoNotFail_WhenRangeIsValid(0,0)" fullname="Incapsulation.Weights.Indexer_should.ConstructoNotFail_WhenRangeIsValid(0,0)" methodname="ConstructoNotFail_WhenRangeIsValid" classname="Incapsulation.Weights.Indexer_should" runstate="Runnable" seed="163975342" result="Passed" start-time="2020-07-23 11:34:37Z" end-time="2020-07-23 11:34:37Z" duration="0.005369" asserts="0" />
            <test-case id="1019" name="ConstructoNotFail_WhenRangeIsValid(0,1)" fullname="Incapsulation.Weights.Indexer_should.ConstructoNotFail_WhenRangeIsValid(0,1)" methodname="ConstructoNotFail_WhenRangeIsValid" classname="Incapsulation.Weights.Indexer_should" runstate="Runnable" seed="571658436" result="Passed" start-time="2020-07-23 11:34:37Z" end-time="2020-07-23 11:34:37Z" duration="0.000098" asserts="0" />
            <test-case id="1020" name="ConstructoNotFail_WhenRangeIsValid(0,4)" fullname="Incapsulation.Weights.Indexer_should.ConstructoNotFail_WhenRangeIsValid(0,4)" methodname="ConstructoNotFail_WhenRangeIsValid" classname="Incapsulation.Weights.Indexer_should" runstate="Runnable" seed="238973467" result="Passed" start-time="2020-07-23 11:34:37Z" end-time="2020-07-23 11:34:37Z" duration="0.000164" asserts="0" />
            <test-case id="1021" name="ConstructoNotFail_WhenRangeIsValid(1,0)" fullname="Incapsulation.Weights.Indexer_should.ConstructoNotFail_WhenRangeIsValid(1,0)" methodname="ConstructoNotFail_WhenRangeIsValid" classname="Incapsulation.Weights.Indexer_should" runstate="Runnable" seed="332731942" result="Passed" start-time="2020-07-23 11:34:37Z" end-time="2020-07-23 11:34:37Z" duration="0.000186" asserts="0" />
            <test-case id="1022" name="ConstructoNotFail_WhenRangeIsValid(1,1)" fullname="Incapsulation.Weights.Indexer_should.ConstructoNotFail_WhenRangeIsValid(1,1)" methodname="ConstructoNotFail_WhenRangeIsValid" classname="Incapsulation.Weights.Indexer_should" runstate="Runnable" seed="1671309862" result="Passed" start-time="2020-07-23 11:34:37Z" end-time="2020-07-23 11:34:37Z" duration="0.000146" asserts="0" />
            <test-case id="1023" name="ConstructoNotFail_WhenRangeIsValid(1,3)" fullname="Incapsulation.Weights.Indexer_should.ConstructoNotFail_WhenRangeIsValid(1,3)" methodname="ConstructoNotFail_WhenRangeIsValid" classname="Incapsulation.Weights.Indexer_should" runstate="Runnable" seed="1743866093" result="Passed" start-time="2020-07-23 11:34:37Z" end-time="2020-07-23 11:34:37Z" duration="0.000148" asserts="0" />
            <test-case id="1024" name="ConstructoNotFail_WhenRangeIsValid(3,0)" fullname="Incapsulation.Weights.Indexer_should.ConstructoNotFail_WhenRangeIsValid(3,0)" methodname="ConstructoNotFail_WhenRangeIsValid" classname="Incapsulation.Weights.Indexer_should" runstate="Runnable" seed="1833916388" result="Passed" start-time="2020-07-23 11:34:37Z" end-time="2020-07-23 11:34:37Z" duration="0.000247" asserts="0" />
            <test-case id="1025" name="ConstructoNotFail_WhenRangeIsValid(3,1)" fullname="Incapsulation.Weights.Indexer_should.ConstructoNotFail_WhenRangeIsValid(3,1)" methodname="ConstructoNotFail_WhenRangeIsValid" classname="Incapsulation.Weights.Indexer_should" runstate="Runnable" seed="2047969138" result="Passed" start-time="2020-07-23 11:34:37Z" end-time="2020-07-23 11:34:37Z" duration="0.000172" asserts="0" />
            <test-case id="1026" name="ConstructoNotFail_WhenRangeIsValid(4,0)" fullname="Incapsulation.Weights.Indexer_should.ConstructoNotFail_WhenRangeIsValid(4,0)" methodname="ConstructoNotFail_WhenRangeIsValid" classname="Incapsulation.Weights.Indexer_should" runstate="Runnable" seed="1794011189" result="Passed" start-time="2020-07-23 11:34:37Z" end-time="2020-07-23 11:34:37Z" duration="0.000238" asserts="0" />
          </test-suite>
          <test-suite type="ParameterizedMethod" id="1017" name="ConstructorFails_WhenRangeIsInvalid" fullname="Incapsulation.Weights.Indexer_should.ConstructorFails_WhenRangeIsInvalid" classname="Incapsulation.Weights.Indexer_should" runstate="Runnable" testcasecount="8" result="Passed" start-time="2020-07-23 11:34:37Z" end-time="2020-07-23 11:34:37Z" duration="0.083954" total="8" passed="8" failed="0" warnings="0" inconclusive="0" skipped="0" asserts="8">
            <test-case id="1009" name="ConstructorFails_WhenRangeIsInvalid(-1,3)" fullname="Incapsulation.Weights.Indexer_should.ConstructorFails_WhenRangeIsInvalid(-1,3)" methodname="ConstructorFails_WhenRangeIsInvalid" classname="Incapsulation.Weights.Indexer_should" runstate="Runnable" seed="799269508" result="Passed" start-time="2020-07-23 11:34:37Z" end-time="2020-07-23 11:34:37Z" duration="0.020066" asserts="1" />
            <test-case id="1010" name="ConstructorFails_WhenRangeIsInvalid(1,-1)" fullname="Incapsulation.Weights.Indexer_should.ConstructorFails_WhenRangeIsInvalid(1,-1)" methodname="ConstructorFails_WhenRangeIsInvalid" classname="Incapsulation.Weights.Indexer_should" runstate="Runnable" seed="35700640" result="Passed" start-time="2020-07-23 11:34:37Z" end-time="2020-07-23 11:34:37Z" duration="0.000218" asserts="1" />
            <test-case id="1011" name="ConstructorFails_WhenRangeIsInvalid(1,10)" fullname="Incapsulation.Weights.Indexer_should.ConstructorFails_WhenRangeIsInvalid(1,10)" methodname="ConstructorFails_WhenRangeIsInvalid" classname="Incapsulation.Weights.Indexer_should" runstate="Runnable" seed="1740123811" result="Passed" start-time="2020-07-23 11:34:37Z" end-time="2020-07-23 11:34:37Z" duration="0.000189" asserts="1" />
            <test-case id="1012" name="ConstructorFails_WhenRangeIsInvalid(0,5)" fullname="Incapsulation.Weights.Indexer_should.ConstructorFails_WhenRangeIsInvalid(0,5)" methodname="ConstructorFails_WhenRangeIsInvalid" classname="Incapsulation.Weights.Indexer_should" runstate="Runnable" seed="1113507214" result="Passed" start-time="2020-07-23 11:34:37Z" end-time="2020-07-23 11:34:37Z" duration="0.000184" asserts="1" />
            <test-case id="1013" name="ConstructorFails_WhenRangeIsInvalid(1,4)" fullname="Incapsulation.Weights.Indexer_should.ConstructorFails_WhenRangeIsInvalid(1,4)" methodname="ConstructorFails_WhenRangeIsInvalid" classname="Incapsulation.Weights.Indexer_should" runstate="Runnable" seed="1430367826" result="Passed" start-time="2020-07-23 11:34:37Z" end-time="2020-07-23 11:34:37Z" duration="0.000190" asserts="1" />
            <test-case id="1014" name="ConstructorFails_WhenRangeIsInvalid(2,3)" fullname="Incapsulation.Weights.Indexer_should.ConstructorFails_WhenRangeIsInvalid(2,3)" methodname="ConstructorFails_WhenRangeIsInvalid" classname="Incapsulation.Weights.Indexer_should" runstate="Runnable" seed="1999250776" result="Passed" start-time="2020-07-23 11:34:37Z" end-time="2020-07-23 11:34:37Z" duration="0.000187" asserts="1" />
            <test-case id="1015" name="ConstructorFails_WhenRangeIsInvalid(3,2)" fullname="Incapsulation.Weights.Indexer_should.ConstructorFails_WhenRangeIsInvalid(3,2)" methodname="ConstructorFails_WhenRangeIsInvalid" classname="Incapsulation.Weights.Indexer_should" runstate="Runnable" seed="632849871" result="Passed" start-time="2020-07-23 11:34:37Z" end-time="2020-07-23 11:34:37Z" duration="0.000207" asserts="1" />
            <test-case id="1016" name="ConstructorFails_WhenRangeIsInvalid(4,1)" fullname="Incapsulation.Weights.Indexer_should.ConstructorFails_WhenRangeIsInvalid(4,1)" methodname="ConstructorFails_WhenRangeIsInvalid" classname="Incapsulation.Weights.Indexer_should" runstate="Runnable" seed="2016652155" result="Passed" start-time="2020-07-23 11:34:37Z" end-time="2020-07-23 11:34:37Z" duration="0.000233" asserts="1" />
          </test-suite>
          <test-suite type="ParameterizedMethod" id="1004" name="GetCorrectly" fullname="Incapsulation.Weights.Indexer_should.GetCorrectly" classname="Incapsulation.Weights.Indexer_should" runstate="Runnable" testcasecount="2" result="Passed" start-time="2020-07-23 11:34:37Z" end-time="2020-07-23 11:34:37Z" duration="0.035968" total="2" passed="2" failed="0" warnings="0" inconclusive="0" skipped="0" asserts="2">
            <test-case id="1002" name="GetCorrectly(0,2)" fullname="Incapsulation.Weights.Indexer_should.GetCorrectly(0,2)" methodname="GetCorrectly" classname="Incapsulation.Weights.Indexer_should" runstate="Runnable" seed="689088717" result="Passed" start-time="2020-07-23 11:34:37Z" end-time="2020-07-23 11:34:37Z" duration="0.019817" asserts="1" />
            <test-case id="1003" name="GetCorrectly(1,3)" fullname="Incapsulation.Weights.Indexer_should.GetCorrectly(1,3)" methodname="GetCorrectly" classname="Incapsulation.Weights.Indexer_should" runstate="Runnable" seed="884727883" result="Passed" start-time="2020-07-23 11:34:37Z" end-time="2020-07-23 11:34:37Z" duration="0.000116" asserts="1" />
          </test-suite>
          <test-case id="1001" name="HaveCorrectLength" fullname="Incapsulation.Weights.Indexer_should.HaveCorrectLength" methodname="HaveCorrectLength" classname="Incapsulation.Weights.Indexer_should" runstate="Runnable" seed="72130052" result="Passed" start-time="2020-07-23 11:34:37Z" end-time="2020-07-23 11:34:37Z" duration="0.000798" asserts="1" />
          <test-case id="1008" name="IndexerDoesNotCopyArray" fullname="Incapsulation.Weights.Indexer_should.IndexerDoesNotCopyArray" methodname="IndexerDoesNotCopyArray" classname="Incapsulation.Weights.Indexer_should" runstate="Runnable" seed="1704254800" result="Passed" start-time="2020-07-23 11:34:37Z" end-time="2020-07-23 11:34:37Z" duration="0.000694" asserts="1" />
          <test-suite type="ParameterizedMethod" id="1030" name="IndexerGetter_Fails_WhenIndexIsWrong" fullname="Incapsulation.Weights.Indexer_should.IndexerGetter_Fails_WhenIndexIsWrong" classname="Incapsulation.Weights.Indexer_should" runstate="Runnable" testcasecount="2" result="Passed" start-time="2020-07-23 11:34:37Z" end-time="2020-07-23 11:34:37Z" duration="0.016000" total="2" passed="2" failed="0" warnings="0" inconclusive="0" skipped="0" asserts="2">
            <test-case id="1028" name="IndexerGetter_Fails_WhenIndexIsWrong(-1)" fullname="Incapsulation.Weights.Indexer_should.IndexerGetter_Fails_WhenIndexIsWrong(-1)" methodname="IndexerGetter_Fails_WhenIndexIsWrong" classname="Incapsulation.Weights.Indexer_should" runstate="Runnable" seed="1130714988" result="Passed" start-time="2020-07-23 11:34:37Z" end-time="2020-07-23 11:34:37Z" duration="0.001998" asserts="1" />
            <test-case id="1029" name="IndexerGetter_Fails_WhenIndexIsWrong(2)" fullname="Incapsulation.Weights.Indexer_should.IndexerGetter_Fails_WhenIndexIsWrong(2)" methodname="IndexerGetter_Fails_WhenIndexIsWrong" classname="Incapsulation.Weights.Indexer_should" runstate="Runnable" seed="454393288" result="Passed" start-time="2020-07-23 11:34:37Z" end-time="2020-07-23 11:34:37Z" duration="0.000197" asserts="1" />
          </test-suite>
          <test-suite type="ParameterizedMethod" id="1033" name="IndexerSetter_Fails_WhenIndexIsWrong" fullname="Incapsulation.Weights.Indexer_should.IndexerSetter_Fails_WhenIndexIsWrong" classname="Incapsulation.Weights.Indexer_should" runstate="Runnable" testcasecount="2" result="Passed" start-time="2020-07-23 11:34:37Z" end-time="2020-07-23 11:34:37Z" duration="0.016061" total="2" passed="2" failed="0" warnings="0" inconclusive="0" skipped="0" asserts="2">
            <test-case id="1031" name="IndexerSetter_Fails_WhenIndexIsWrong(-1)" fullname="Incapsulation.Weights.Indexer_should.IndexerSetter_Fails_WhenIndexIsWrong(-1)" methodname="IndexerSetter_Fails_WhenIndexIsWrong" classname="Incapsulation.Weights.Indexer_should" runstate="Runnable" seed="851548566" result="Passed" start-time="2020-07-23 11:34:37Z" end-time="2020-07-23 11:34:37Z" duration="0.001051" asserts="1" />
            <test-case id="1032" name="IndexerSetter_Fails_WhenIndexIsWrong(2)" fullname="Incapsulation.Weights.Indexer_should.IndexerSetter_Fails_WhenIndexIsWrong(2)" methodname="IndexerSetter_Fails_WhenIndexIsWrong" classname="Incapsulation.Weights.Indexer_should" runstate="Runnable" seed="789403685" result="Passed" start-time="2020-07-23 11:34:37Z" end-time="2020-07-23 11:34:37Z" duration="0.000342" asserts="1" />
          </test-suite>
          <test-suite type="ParameterizedMethod" id="1007" name="SetCorrectly" fullname="Incapsulation.Weights.Indexer_should.SetCorrectly" classname="Incapsulation.Weights.Indexer_should" runstate="Runnable" testcasecount="2" result="Passed" start-time="2020-07-23 11:34:37Z" end-time="2020-07-23 11:34:37Z" duration="0.016084" total="2" passed="2" failed="0" warnings="0" inconclusive="0" skipped="0" asserts="2">
            <test-case id="1005" name="SetCorrectly(0)" fullname="Incapsulation.Weights.Indexer_should.SetCorrectly(0)" methodname="SetCorrectly" classname="Incapsulation.Weights.Indexer_should" runstate="Runnable" seed="1227359601" result="Passed" start-time="2020-07-23 11:34:37Z" end-time="2020-07-23 11:34:37Z" duration="0.000697" asserts="1" />
            <test-case id="1006" name="SetCorrectly(1)" fullname="Incapsulation.Weights.Indexer_should.SetCorrectly(1)" methodname="SetCorrectly" classname="Incapsulation.Weights.Indexer_should" runstate="Runnable" seed="994327840" result="Passed" start-time="2020-07-23 11:34:37Z" end-time="2020-07-23 11:34:37Z" duration="0.000149" asserts="1" />
          </test-suite>
        </test-suite>
      </test-suite>
    </test-suite>
  </test-suite>
</test-run>