<?xml version="1.0" encoding="utf-8"?>
<test-run id="2" name="Delegates.Reports.exe" fullname="C:/Users/Иван/Desktop/C#/Delegates.Reports/bin/Debug/Delegates.Reports.exe" testcasecount="4" result="Passed" start-time="2020-07-28 10:04:59Z" end-time="2020-07-28 10:04:59Z" duration="0.202630" total="4" passed="4" failed="0" inconclusive="0" skipped="0" asserts="4" random-seed="1484258992">
  <command-line><![CDATA[C:\Users\Иван\Desktop\C#\Delegates.Reports\bin\Debug\Delegates.Reports.exe]]></command-line>
  <filter />
  <test-suite type="Assembly" id="1005" name="Delegates.Reports.exe" fullname="C:/Users/Иван/Desktop/C#/Delegates.Reports/bin/Debug/Delegates.Reports.exe" runstate="Runnable" testcasecount="4" result="Passed" start-time="2020-07-28 10:04:59Z" end-time="2020-07-28 10:04:59Z" duration="0.202630" total="4" passed="4" failed="0" warnings="0" inconclusive="0" skipped="0" asserts="4">
    <environment framework-version="3.6.0.0" clr-version="4.0.30319.42000" os-version="Microsoft Windows NT 6.2.9200.0" platform="Win32NT" cwd="C:\Users\Иван\Desktop\C#\Delegates.Reports\bin\Debug" machine-name="HP-PC" user="Иван" user-domain="HP-PC" culture="ru-RU" uiculture="ru-RU" os-architecture="x86" />
    <settings>
      <setting name="WorkDirectory" value="C:\Users\Иван\Desktop\C#\Delegates.Reports\bin\Debug" />
      <setting name="NumberOfTestWorkers" value="8" />
    </settings>
    <properties>
      <property name="_PID" value="1352" />
      <property name="_APPDOMAIN" value="Delegates.Reports.exe" />
    </properties>
    <test-suite type="TestSuite" id="1006" name="Delegates" fullname="Delegates" runstate="Runnable" testcasecount="4" result="Passed" start-time="2020-07-28 10:04:59Z" end-time="2020-07-28 10:04:59Z" duration="0.191899" total="4" passed="4" failed="0" warnings="0" inconclusive="0" skipped="0" asserts="4">
      <test-suite type="TestSuite" id="1007" name="Reports" fullname="Delegates.Reports" runstate="Runnable" testcasecount="4" result="Passed" start-time="2020-07-28 10:04:59Z" end-time="2020-07-28 10:04:59Z" duration="0.188484" total="4" passed="4" failed="0" warnings="0" inconclusive="0" skipped="0" asserts="4">
        <test-suite type="TestFixture" id="1000" name="ReportMaker_should" fullname="Delegates.Reports.ReportMaker_should" classname="Delegates.Reports.ReportMaker_should" runstate="Runnable" testcasecount="4" result="Passed" start-time="2020-07-28 10:04:59Z" end-time="2020-07-28 10:04:59Z" duration="0.183675" total="4" passed="4" failed="0" warnings="0" inconclusive="0" skipped="0" asserts="4">
          <test-case id="1001" name="MeanAndStdHtml" fullname="Delegates.Reports.ReportMaker_should.MeanAndStdHtml" methodname="MeanAndStdHtml" classname="Delegates.Reports.ReportMaker_should" runstate="Runnable" seed="441383080" result="Passed" start-time="2020-07-28 10:04:59Z" end-time="2020-07-28 10:04:59Z" duration="0.104088" asserts="1" />
          <test-case id="1003" name="MeanAndStdMarkdown" fullname="Delegates.Reports.ReportMaker_should.MeanAndStdMarkdown" methodname="MeanAndStdMarkdown" classname="Delegates.Reports.ReportMaker_should" runstate="Runnable" seed="1776724031" result="Passed" start-time="2020-07-28 10:04:59Z" end-time="2020-07-28 10:04:59Z" duration="0.000928" asserts="1">
            <properties>
              <property name="Description" value="Новый тест, который нужно сделать рабочим после рефакторинга" />
            </properties>
          </test-case>
          <test-case id="1004" name="MedianHtml" fullname="Delegates.Reports.ReportMaker_should.MedianHtml" methodname="MedianHtml" classname="Delegates.Reports.ReportMaker_should" runstate="Runnable" seed="908097211" result="Passed" start-time="2020-07-28 10:04:59Z" end-time="2020-07-28 10:04:59Z" duration="0.057895" asserts="1">
            <properties>
              <property name="Description" value="Новый тест, который нужно сделать рабочим после рефакторинга" />
            </properties>
          </test-case>
          <test-case id="1002" name="MedianMarkdown" fullname="Delegates.Reports.ReportMaker_should.MedianMarkdown" methodname="MedianMarkdown" classname="Delegates.Reports.ReportMaker_should" runstate="Runnable" seed="1019501257" result="Passed" start-time="2020-07-28 10:04:59Z" end-time="2020-07-28 10:04:59Z" duration="0.000692" asserts="1" />
        </test-suite>
      </test-suite>
    </test-suite>
  </test-suite>
</test-run>