<?xml version="1.0" encoding="utf-8"?>
<test-run id="2" name="Streams.Compression.exe" fullname="C:/Users/Иван/Desktop/C#/Streams.Compression/bin/Debug/Streams.Compression.exe" testcasecount="18" result="Passed" start-time="2020-08-02 11:11:30Z" end-time="2020-08-02 11:11:30Z" duration="0.220744" total="18" passed="18" failed="0" inconclusive="0" skipped="0" asserts="48" random-seed="1274382555">
  <command-line><![CDATA[C:\Users\Иван\Desktop\C#\Streams.Compression\bin\Debug\Streams.Compression.exe]]></command-line>
  <filter />
  <test-suite type="Assembly" id="1019" name="Streams.Compression.exe" fullname="C:/Users/Иван/Desktop/C#/Streams.Compression/bin/Debug/Streams.Compression.exe" runstate="Runnable" testcasecount="18" result="Passed" start-time="2020-08-02 11:11:30Z" end-time="2020-08-02 11:11:30Z" duration="0.220744" total="18" passed="18" failed="0" warnings="0" inconclusive="0" skipped="0" asserts="48">
    <environment framework-version="3.6.0.0" clr-version="4.0.30319.42000" os-version="Microsoft Windows NT 6.2.9200.0" platform="Win32NT" cwd="C:\Users\Иван\Desktop\C#\Streams.Compression\bin\Debug" machine-name="HP-PC" user="Иван" user-domain="HP-PC" culture="ru-RU" uiculture="ru-RU" os-architecture="x86" />
    <settings>
      <setting name="WorkDirectory" value="C:\Users\Иван\Desktop\C#\Streams.Compression\bin\Debug" />
      <setting name="NumberOfTestWorkers" value="8" />
    </settings>
    <properties>
      <property name="_PID" value="1544" />
      <property name="_APPDOMAIN" value="Streams.Compression.exe" />
    </properties>
    <test-suite type="TestSuite" id="1020" name="Streams" fullname="Streams" runstate="Runnable" testcasecount="18" result="Passed" start-time="2020-08-02 11:11:30Z" end-time="2020-08-02 11:11:30Z" duration="0.210033" total="18" passed="18" failed="0" warnings="0" inconclusive="0" skipped="0" asserts="48">
      <test-suite type="TestSuite" id="1021" name="Compression" fullname="Streams.Compression" runstate="Runnable" testcasecount="18" result="Passed" start-time="2020-08-02 11:11:30Z" end-time="2020-08-02 11:11:30Z" duration="0.206549" total="18" passed="18" failed="0" warnings="0" inconclusive="0" skipped="0" asserts="48">
        <test-suite type="TestFixture" id="1000" name="CustomCompressionStream_should" fullname="Streams.Compression.CustomCompressionStream_should" classname="Streams.Compression.CustomCompressionStream_should" runstate="Runnable" testcasecount="18" result="Passed" start-time="2020-08-02 11:11:30Z" end-time="2020-08-02 11:11:30Z" duration="0.201684" total="18" passed="18" failed="0" warnings="0" inconclusive="0" skipped="0" asserts="48">
          <test-case id="1016" name="BaseStreamReturnsLessThanRequestedOnRead" fullname="Streams.Compression.CustomCompressionStream_should.BaseStreamReturnsLessThanRequestedOnRead" methodname="BaseStreamReturnsLessThanRequestedOnRead" classname="Streams.Compression.CustomCompressionStream_should" runstate="Runnable" seed="1086194680" result="Passed" start-time="2020-08-02 11:11:30Z" end-time="2020-08-02 11:11:30Z" duration="0.014905" asserts="2" />
          <test-case id="1005" name="CanFlush" fullname="Streams.Compression.CustomCompressionStream_should.CanFlush" methodname="CanFlush" classname="Streams.Compression.CustomCompressionStream_should" runstate="Runnable" seed="501008066" result="Passed" start-time="2020-08-02 11:11:30Z" end-time="2020-08-02 11:11:30Z" duration="0.000191" asserts="0" />
          <test-case id="1002" name="CanNotReadForWriter" fullname="Streams.Compression.CustomCompressionStream_should.CanNotReadForWriter" methodname="CanNotReadForWriter" classname="Streams.Compression.CustomCompressionStream_should" runstate="Runnable" seed="1412311319" result="Passed" start-time="2020-08-02 11:11:30Z" end-time="2020-08-02 11:11:30Z" duration="0.001262" asserts="2" />
          <test-case id="1003" name="CanReadForReader" fullname="Streams.Compression.CustomCompressionStream_should.CanReadForReader" methodname="CanReadForReader" classname="Streams.Compression.CustomCompressionStream_should" runstate="Runnable" seed="1468159253" result="Passed" start-time="2020-08-02 11:11:30Z" end-time="2020-08-02 11:11:30Z" duration="0.000282" asserts="2" />
          <test-case id="1004" name="CheckNotSupportedException" fullname="Streams.Compression.CustomCompressionStream_should.CheckNotSupportedException" methodname="CheckNotSupportedException" classname="Streams.Compression.CustomCompressionStream_should" runstate="Runnable" seed="1809756324" result="Passed" start-time="2020-08-02 11:11:30Z" end-time="2020-08-02 11:11:30Z" duration="0.012273" asserts="5" />
          <test-case id="1001" name="DoNotReadInConstructor" fullname="Streams.Compression.CustomCompressionStream_should.DoNotReadInConstructor" methodname="DoNotReadInConstructor" classname="Streams.Compression.CustomCompressionStream_should" runstate="Runnable" seed="276111304" result="Passed" start-time="2020-08-02 11:11:30Z" end-time="2020-08-02 11:11:30Z" duration="0.003925" asserts="2" />
          <test-case id="1017" name="FailOnOddLengthOfBaseStream" fullname="Streams.Compression.CustomCompressionStream_should.FailOnOddLengthOfBaseStream" methodname="FailOnOddLengthOfBaseStream" classname="Streams.Compression.CustomCompressionStream_should" runstate="Runnable" seed="539140173" result="Passed" start-time="2020-08-02 11:11:30Z" end-time="2020-08-02 11:11:30Z" duration="0.028688" asserts="1" />
          <test-case id="1018" name="RandomizedWriteReadTest" fullname="Streams.Compression.CustomCompressionStream_should.RandomizedWriteReadTest" methodname="RandomizedWriteReadTest" classname="Streams.Compression.CustomCompressionStream_should" runstate="Runnable" seed="1222699076" result="Passed" start-time="2020-08-02 11:11:30Z" end-time="2020-08-02 11:11:30Z" duration="0.004864" asserts="20">
            <properties>
              <property name="Repeat" value="10" />
            </properties>
          </test-case>
          <test-case id="1010" name="ReadByPieces" fullname="Streams.Compression.CustomCompressionStream_should.ReadByPieces" methodname="ReadByPieces" classname="Streams.Compression.CustomCompressionStream_should" runstate="Runnable" seed="1230127255" result="Passed" start-time="2020-08-02 11:11:30Z" end-time="2020-08-02 11:11:30Z" duration="0.000410" asserts="1" />
          <test-case id="1014" name="ReadIsLazy" fullname="Streams.Compression.CustomCompressionStream_should.ReadIsLazy" methodname="ReadIsLazy" classname="Streams.Compression.CustomCompressionStream_should" runstate="Runnable" seed="57332833" result="Passed" start-time="2020-08-02 11:11:30Z" end-time="2020-08-02 11:11:30Z" duration="0.000717" asserts="2" />
          <test-case id="1015" name="ReadLessBytesThanRequested" fullname="Streams.Compression.CustomCompressionStream_should.ReadLessBytesThanRequested" methodname="ReadLessBytesThanRequested" classname="Streams.Compression.CustomCompressionStream_should" runstate="Runnable" seed="1815067547" result="Passed" start-time="2020-08-02 11:11:30Z" end-time="2020-08-02 11:11:30Z" duration="0.000793" asserts="1" />
          <test-case id="1009" name="ReadNothingFromEmptyStream" fullname="Streams.Compression.CustomCompressionStream_should.ReadNothingFromEmptyStream" methodname="ReadNothingFromEmptyStream" classname="Streams.Compression.CustomCompressionStream_should" runstate="Runnable" seed="1704062807" result="Passed" start-time="2020-08-02 11:11:30Z" end-time="2020-08-02 11:11:30Z" duration="0.000977" asserts="1" />
          <test-case id="1008" name="ReadTheSameDataWasWritten" fullname="Streams.Compression.CustomCompressionStream_should.ReadTheSameDataWasWritten" methodname="ReadTheSameDataWasWritten" classname="Streams.Compression.CustomCompressionStream_should" runstate="Runnable" seed="1932183224" result="Passed" start-time="2020-08-02 11:11:30Z" end-time="2020-08-02 11:11:30Z" duration="0.000330" asserts="1" />
          <test-case id="1013" name="ReadWithOffset" fullname="Streams.Compression.CustomCompressionStream_should.ReadWithOffset" methodname="ReadWithOffset" classname="Streams.Compression.CustomCompressionStream_should" runstate="Runnable" seed="2060498808" result="Passed" start-time="2020-08-02 11:11:30Z" end-time="2020-08-02 11:11:30Z" duration="0.001722" asserts="4" />
          <test-case id="1007" name="WriteByPiecesIsEqualToFullWrite" fullname="Streams.Compression.CustomCompressionStream_should.WriteByPiecesIsEqualToFullWrite" methodname="WriteByPiecesIsEqualToFullWrite" classname="Streams.Compression.CustomCompressionStream_should" runstate="Runnable" seed="2017068796" result="Passed" start-time="2020-08-02 11:11:30Z" end-time="2020-08-02 11:11:30Z" duration="0.000501" asserts="1" />
          <test-case id="1006" name="WriteCompressData" fullname="Streams.Compression.CustomCompressionStream_should.WriteCompressData" methodname="WriteCompressData" classname="Streams.Compression.CustomCompressionStream_should" runstate="Runnable" seed="818825597" result="Passed" start-time="2020-08-02 11:11:30Z" end-time="2020-08-02 11:11:30Z" duration="0.009128" asserts="1">
            <reason>
              <message><![CDATA[Compress ratio is 78%]]></message>
            </reason>
          </test-case>
          <test-case id="1011" name="WriteLongSequenceOfOneSymbol" fullname="Streams.Compression.CustomCompressionStream_should.WriteLongSequenceOfOneSymbol" methodname="WriteLongSequenceOfOneSymbol" classname="Streams.Compression.CustomCompressionStream_should" runstate="Runnable" seed="1330952250" result="Passed" start-time="2020-08-02 11:11:30Z" end-time="2020-08-02 11:11:30Z" duration="0.050748" asserts="1" />
          <test-case id="1012" name="WriteWithOffset" fullname="Streams.Compression.CustomCompressionStream_should.WriteWithOffset" methodname="WriteWithOffset" classname="Streams.Compression.CustomCompressionStream_should" runstate="Runnable" seed="330655235" result="Passed" start-time="2020-08-02 11:11:30Z" end-time="2020-08-02 11:11:30Z" duration="0.000354" asserts="1" />
        </test-suite>
      </test-suite>
    </test-suite>
  </test-suite>
</test-run>